{"C:\\Users\\Alex\\Desktop\\vteams\\vteam-main\\services\\app\\components\\loginPage.js": {"path":"C:\\Users\\Alex\\Desktop\\vteams\\vteam-main\\services\\app\\components\\loginPage.js","statementMap":{"0":{"start":{"line":15,"column":4},"end":{"line":15,"column":26}},"1":{"start":{"line":15,"column":14},"end":{"line":15,"column":26}},"2":{"start":{"line":16,"column":17},"end":{"line":16,"column":52}},"3":{"start":{"line":17,"column":4},"end":{"line":23,"column":5}},"4":{"start":{"line":18,"column":6},"end":{"line":18,"column":29}},"5":{"start":{"line":19,"column":6},"end":{"line":19,"column":34}},"6":{"start":{"line":20,"column":6},"end":{"line":20,"column":40}},"7":{"start":{"line":21,"column":6},"end":{"line":21,"column":75}},"8":{"start":{"line":22,"column":6},"end":{"line":22,"column":30}},"9":{"start":{"line":33,"column":4},"end":{"line":35,"column":32}},"10":{"start":{"line":34,"column":6},"end":{"line":34,"column":34}},"11":{"start":{"line":42,"column":17},"end":{"line":42,"column":40}},"12":{"start":{"line":43,"column":4},"end":{"line":43,"column":27}},"13":{"start":{"line":44,"column":4},"end":{"line":44,"column":23}},"14":{"start":{"line":47,"column":2},"end":{"line":64,"column":4}},"15":{"start":{"line":49,"column":98},"end":{"line":49,"column":105}},"16":{"start":{"line":58,"column":23},"end":{"line":58,"column":70}},"17":{"start":{"line":67,"column":15},"end":{"line":95,"column":2}}},"fnMap":{"0":{"name":"LoginPage","decl":{"start":{"line":5,"column":9},"end":{"line":5,"column":18}},"loc":{"start":{"line":5,"column":26},"end":{"line":65,"column":1}},"line":5},"1":{"name":"checkForAuthentication","decl":{"start":{"line":14,"column":17},"end":{"line":14,"column":39}},"loc":{"start":{"line":14,"column":45},"end":{"line":24,"column":3}},"line":14},"2":{"name":"startPolling","decl":{"start":{"line":32,"column":17},"end":{"line":32,"column":29}},"loc":{"start":{"line":32,"column":35},"end":{"line":36,"column":3}},"line":32},"3":{"name":"(anonymous_3)","decl":{"start":{"line":33,"column":31},"end":{"line":33,"column":32}},"loc":{"start":{"line":33,"column":37},"end":{"line":35,"column":5}},"line":33},"4":{"name":"reqe","decl":{"start":{"line":41,"column":17},"end":{"line":41,"column":21}},"loc":{"start":{"line":41,"column":24},"end":{"line":45,"column":3}},"line":41},"5":{"name":"(anonymous_5)","decl":{"start":{"line":49,"column":90},"end":{"line":49,"column":91}},"loc":{"start":{"line":49,"column":96},"end":{"line":49,"column":107}},"line":49},"6":{"name":"(anonymous_6)","decl":{"start":{"line":58,"column":17},"end":{"line":58,"column":18}},"loc":{"start":{"line":58,"column":23},"end":{"line":58,"column":70}},"line":58}},"branchMap":{"0":{"loc":{"start":{"line":15,"column":4},"end":{"line":15,"column":26}},"type":"if","locations":[{"start":{"line":15,"column":4},"end":{"line":15,"column":26}},{"start":{},"end":{}}],"line":15},"1":{"loc":{"start":{"line":17,"column":4},"end":{"line":23,"column":5}},"type":"if","locations":[{"start":{"line":17,"column":4},"end":{"line":23,"column":5}},{"start":{},"end":{}}],"line":17},"2":{"loc":{"start":{"line":49,"column":8},"end":{"line":61,"column":9}},"type":"cond-expr","locations":[{"start":{"line":49,"column":25},"end":{"line":51,"column":18}},{"start":{"line":52,"column":10},"end":{"line":61,"column":9}}],"line":49}},"s":{"0":0,"1":0,"2":0,"3":0,"4":0,"5":0,"6":0,"7":0,"8":0,"9":0,"10":0,"11":0,"12":0,"13":0,"14":1,"15":0,"16":0,"17":1},"f":{"0":1,"1":0,"2":0,"3":0,"4":0,"5":0,"6":0},"b":{"0":[0,0],"1":[0,0],"2":[1,0]},"_coverageSchema":"1a1c01bbd47fc00a2c39e90264f33305004495a9","hash":"f68d70e0731c405a685ce44c1affa62a31f96c66"}
,"C:\\Users\\Alex\\Desktop\\vteams\\vteam-main\\services\\app\\components\\modals\\endRideModal.js": {"path":"C:\\Users\\Alex\\Desktop\\vteams\\vteam-main\\services\\app\\components\\modals\\endRideModal.js","statementMap":{"0":{"start":{"line":14,"column":2},"end":{"line":14,"column":57}},"1":{"start":{"line":17,"column":21},"end":{"line":33,"column":1}},"2":{"start":{"line":18,"column":2},"end":{"line":32,"column":4}},"3":{"start":{"line":23,"column":69},"end":{"line":23,"column":101}},"4":{"start":{"line":23,"column":102},"end":{"line":23,"column":123}},"5":{"start":{"line":23,"column":124},"end":{"line":23,"column":158}},"6":{"start":{"line":26,"column":67},"end":{"line":26,"column":98}},"7":{"start":{"line":35,"column":15},"end":{"line":83,"column":2}}},"fnMap":{"0":{"name":"parkScooter","decl":{"start":{"line":13,"column":15},"end":{"line":13,"column":26}},"loc":{"start":{"line":13,"column":49},"end":{"line":15,"column":1}},"line":13},"1":{"name":"(anonymous_1)","decl":{"start":{"line":17,"column":21},"end":{"line":17,"column":22}},"loc":{"start":{"line":17,"column":108},"end":{"line":33,"column":1}},"line":17},"2":{"name":"(anonymous_2)","decl":{"start":{"line":23,"column":61},"end":{"line":23,"column":62}},"loc":{"start":{"line":23,"column":67},"end":{"line":23,"column":160}},"line":23},"3":{"name":"(anonymous_3)","decl":{"start":{"line":26,"column":61},"end":{"line":26,"column":62}},"loc":{"start":{"line":26,"column":67},"end":{"line":26,"column":98}},"line":26}},"branchMap":{},"s":{"0":0,"1":1,"2":1,"3":0,"4":0,"5":0,"6":0,"7":1},"f":{"0":0,"1":1,"2":0,"3":0},"b":{},"_coverageSchema":"1a1c01bbd47fc00a2c39e90264f33305004495a9","hash":"ec7e619eee76e273f04a46240e590a97ae0b956a"}
,"C:\\Users\\Alex\\Desktop\\vteams\\vteam-main\\services\\app\\components\\modals\\qrCodeModal.js": {"path":"C:\\Users\\Alex\\Desktop\\vteams\\vteam-main\\services\\app\\components\\modals\\qrCodeModal.js","statementMap":{"0":{"start":{"line":15,"column":2},"end":{"line":15,"column":57}},"1":{"start":{"line":18,"column":21},"end":{"line":71,"column":1}},"2":{"start":{"line":19,"column":32},"end":{"line":19,"column":47}},"3":{"start":{"line":24,"column":33},"end":{"line":28,"column":3}},"4":{"start":{"line":25,"column":4},"end":{"line":27,"column":9}},"5":{"start":{"line":26,"column":6},"end":{"line":26,"column":53}},"6":{"start":{"line":30,"column":2},"end":{"line":32,"column":9}},"7":{"start":{"line":31,"column":4},"end":{"line":31,"column":29}},"8":{"start":{"line":38,"column":31},"end":{"line":41,"column":3}},"9":{"start":{"line":39,"column":4},"end":{"line":39,"column":21}},"10":{"start":{"line":40,"column":4},"end":{"line":40,"column":18}},"11":{"start":{"line":44,"column":2},"end":{"line":70,"column":4}},"12":{"start":{"line":59,"column":74},"end":{"line":59,"column":99}},"13":{"start":{"line":59,"column":100},"end":{"line":59,"column":120}},"14":{"start":{"line":59,"column":121},"end":{"line":59,"column":155}},"15":{"start":{"line":62,"column":73},"end":{"line":62,"column":97}},"16":{"start":{"line":73,"column":15},"end":{"line":143,"column":2}}},"fnMap":{"0":{"name":"rentScooter","decl":{"start":{"line":14,"column":15},"end":{"line":14,"column":26}},"loc":{"start":{"line":14,"column":49},"end":{"line":16,"column":1}},"line":14},"1":{"name":"(anonymous_1)","decl":{"start":{"line":18,"column":21},"end":{"line":18,"column":22}},"loc":{"start":{"line":18,"column":110},"end":{"line":71,"column":1}},"line":18},"2":{"name":"(anonymous_2)","decl":{"start":{"line":24,"column":33},"end":{"line":24,"column":34}},"loc":{"start":{"line":24,"column":39},"end":{"line":28,"column":3}},"line":24},"3":{"name":"(anonymous_3)","decl":{"start":{"line":25,"column":5},"end":{"line":25,"column":6}},"loc":{"start":{"line":25,"column":17},"end":{"line":27,"column":5}},"line":25},"4":{"name":"(anonymous_4)","decl":{"start":{"line":30,"column":12},"end":{"line":30,"column":13}},"loc":{"start":{"line":30,"column":18},"end":{"line":32,"column":3}},"line":30},"5":{"name":"(anonymous_5)","decl":{"start":{"line":38,"column":31},"end":{"line":38,"column":32}},"loc":{"start":{"line":38,"column":45},"end":{"line":41,"column":3}},"line":38},"6":{"name":"(anonymous_6)","decl":{"start":{"line":59,"column":66},"end":{"line":59,"column":67}},"loc":{"start":{"line":59,"column":72},"end":{"line":59,"column":157}},"line":59},"7":{"name":"(anonymous_7)","decl":{"start":{"line":62,"column":67},"end":{"line":62,"column":68}},"loc":{"start":{"line":62,"column":73},"end":{"line":62,"column":97}},"line":62}},"branchMap":{"0":{"loc":{"start":{"line":47,"column":13},"end":{"line":66,"column":19}},"type":"cond-expr","locations":[{"start":{"line":48,"column":16},"end":{"line":53,"column":19}},{"start":{"line":54,"column":16},"end":{"line":66,"column":19}}],"line":47},"1":{"loc":{"start":{"line":50,"column":32},"end":{"line":50,"column":74}},"type":"cond-expr","locations":[{"start":{"line":50,"column":42},"end":{"line":50,"column":51}},{"start":{"line":50,"column":54},"end":{"line":50,"column":74}}],"line":50}},"s":{"0":0,"1":1,"2":1,"3":1,"4":1,"5":1,"6":1,"7":1,"8":1,"9":0,"10":0,"11":1,"12":0,"13":0,"14":0,"15":0,"16":1},"f":{"0":0,"1":1,"2":1,"3":1,"4":1,"5":0,"6":0,"7":0},"b":{"0":[1,0],"1":[0,1]},"_coverageSchema":"1a1c01bbd47fc00a2c39e90264f33305004495a9","hash":"9b64925b8dbe53e36ec7653816f0ef4aac8d8344"}
,"C:\\Users\\Alex\\Desktop\\vteams\\vteam-main\\services\\app\\components\\modals\\userModal.js": {"path":"C:\\Users\\Alex\\Desktop\\vteams\\vteam-main\\services\\app\\components\\modals\\userModal.js","statementMap":{"0":{"start":{"line":15,"column":2},"end":{"line":15,"column":120}},"1":{"start":{"line":18,"column":19},"end":{"line":42,"column":1}},"2":{"start":{"line":19,"column":32},"end":{"line":19,"column":44}},"3":{"start":{"line":20,"column":2},"end":{"line":41,"column":4}},"4":{"start":{"line":27,"column":40},"end":{"line":27,"column":59}},"5":{"start":{"line":32,"column":69},"end":{"line":32,"column":94}},"6":{"start":{"line":32,"column":95},"end":{"line":32,"column":152}},"7":{"start":{"line":32,"column":153},"end":{"line":32,"column":174}},"8":{"start":{"line":35,"column":67},"end":{"line":35,"column":91}},"9":{"start":{"line":44,"column":15},"end":{"line":100,"column":2}}},"fnMap":{"0":{"name":"updateBalance","decl":{"start":{"line":14,"column":15},"end":{"line":14,"column":28}},"loc":{"start":{"line":14,"column":70},"end":{"line":16,"column":1}},"line":14},"1":{"name":"(anonymous_1)","decl":{"start":{"line":18,"column":19},"end":{"line":18,"column":20}},"loc":{"start":{"line":18,"column":107},"end":{"line":42,"column":1}},"line":18},"2":{"name":"(anonymous_2)","decl":{"start":{"line":27,"column":27},"end":{"line":27,"column":28}},"loc":{"start":{"line":27,"column":40},"end":{"line":27,"column":59}},"line":27},"3":{"name":"(anonymous_3)","decl":{"start":{"line":32,"column":61},"end":{"line":32,"column":62}},"loc":{"start":{"line":32,"column":67},"end":{"line":32,"column":176}},"line":32},"4":{"name":"(anonymous_4)","decl":{"start":{"line":35,"column":61},"end":{"line":35,"column":62}},"loc":{"start":{"line":35,"column":67},"end":{"line":35,"column":91}},"line":35}},"branchMap":{},"s":{"0":0,"1":1,"2":1,"3":1,"4":0,"5":0,"6":0,"7":0,"8":0,"9":1},"f":{"0":0,"1":1,"2":0,"3":0,"4":0},"b":{},"_coverageSchema":"1a1c01bbd47fc00a2c39e90264f33305004495a9","hash":"6669f4a8fe9f127c9431d5f713821bdf0a3ba2a0"}
,"C:\\Users\\Alex\\Desktop\\vteams\\vteam-main\\services\\app\\models\\authHandler.js": {"path":"C:\\Users\\Alex\\Desktop\\vteams\\vteam-main\\services\\app\\models\\authHandler.js","statementMap":{"0":{"start":{"line":3,"column":16},"end":{"line":3,"column":42}},"1":{"start":{"line":5,"column":21},"end":{"line":5,"column":30}},"2":{"start":{"line":6,"column":12},"end":{"line":6,"column":63}},"3":{"start":{"line":7,"column":17},"end":{"line":7,"column":45}},"4":{"start":{"line":9,"column":20},"end":{"line":74,"column":1}},"5":{"start":{"line":19,"column":21},"end":{"line":24,"column":6}},"6":{"start":{"line":25,"column":17},"end":{"line":25,"column":38}},"7":{"start":{"line":26,"column":4},"end":{"line":26,"column":24}},"8":{"start":{"line":36,"column":21},"end":{"line":45,"column":6}},"9":{"start":{"line":46,"column":17},"end":{"line":46,"column":38}},"10":{"start":{"line":47,"column":4},"end":{"line":47,"column":16}},"11":{"start":{"line":59,"column":21},"end":{"line":70,"column":6}},"12":{"start":{"line":71,"column":17},"end":{"line":71,"column":38}},"13":{"start":{"line":72,"column":4},"end":{"line":72,"column":16}},"14":{"start":{"line":76,"column":0},"end":{"line":76,"column":29}}},"fnMap":{"0":{"name":"getGitHubUser","decl":{"start":{"line":18,"column":32},"end":{"line":18,"column":45}},"loc":{"start":{"line":18,"column":53},"end":{"line":27,"column":3}},"line":18},"1":{"name":"req","decl":{"start":{"line":35,"column":22},"end":{"line":35,"column":25}},"loc":{"start":{"line":35,"column":28},"end":{"line":48,"column":3}},"line":35},"2":{"name":"checkForAuth","decl":{"start":{"line":58,"column":31},"end":{"line":58,"column":43}},"loc":{"start":{"line":58,"column":49},"end":{"line":73,"column":3}},"line":58}},"branchMap":{},"s":{"0":2,"1":2,"2":2,"3":2,"4":2,"5":1,"6":1,"7":1,"8":1,"9":1,"10":1,"11":1,"12":1,"13":1,"14":2},"f":{"0":1,"1":1,"2":1},"b":{},"_coverageSchema":"1a1c01bbd47fc00a2c39e90264f33305004495a9","hash":"0eae1c95c7174383f21288b04ba256b69816aecd"}
,"C:\\Users\\Alex\\Desktop\\vteams\\vteam-main\\services\\app\\models\\locationHandler.js": {"path":"C:\\Users\\Alex\\Desktop\\vteams\\vteam-main\\services\\app\\models\\locationHandler.js","statementMap":{"0":{"start":{"line":3,"column":16},"end":{"line":3,"column":42}},"1":{"start":{"line":5,"column":21},"end":{"line":5,"column":30}},"2":{"start":{"line":6,"column":12},"end":{"line":6,"column":63}},"3":{"start":{"line":8,"column":24},"end":{"line":33,"column":1}},"4":{"start":{"line":18,"column":4},"end":{"line":18,"column":42}},"5":{"start":{"line":18,"column":15},"end":{"line":18,"column":42}},"6":{"start":{"line":19,"column":4},"end":{"line":19,"column":44}},"7":{"start":{"line":19,"column":16},"end":{"line":19,"column":44}},"8":{"start":{"line":20,"column":4},"end":{"line":31,"column":5}},"9":{"start":{"line":21,"column":23},"end":{"line":26,"column":8}},"10":{"start":{"line":27,"column":19},"end":{"line":27,"column":40}},"11":{"start":{"line":28,"column":6},"end":{"line":28,"column":18}},"12":{"start":{"line":30,"column":6},"end":{"line":30,"column":18}},"13":{"start":{"line":35,"column":0},"end":{"line":35,"column":33}}},"fnMap":{"0":{"name":"fetchLocations","decl":{"start":{"line":17,"column":33},"end":{"line":17,"column":47}},"loc":{"start":{"line":17,"column":61},"end":{"line":32,"column":3}},"line":17}},"branchMap":{"0":{"loc":{"start":{"line":18,"column":4},"end":{"line":18,"column":42}},"type":"if","locations":[{"start":{"line":18,"column":4},"end":{"line":18,"column":42}},{"start":{},"end":{}}],"line":18},"1":{"loc":{"start":{"line":19,"column":4},"end":{"line":19,"column":44}},"type":"if","locations":[{"start":{"line":19,"column":4},"end":{"line":19,"column":44}},{"start":{},"end":{}}],"line":19}},"s":{"0":1,"1":1,"2":1,"3":1,"4":3,"5":1,"6":2,"7":1,"8":1,"9":1,"10":0,"11":0,"12":1,"13":1},"f":{"0":3},"b":{"0":[1,2],"1":[1,1]},"_coverageSchema":"1a1c01bbd47fc00a2c39e90264f33305004495a9","hash":"607b46f889c99f877be7fe84da714d0e618ab17f"}
,"C:\\Users\\Alex\\Desktop\\vteams\\vteam-main\\services\\app\\models\\scooterHandler.js": {"path":"C:\\Users\\Alex\\Desktop\\vteams\\vteam-main\\services\\app\\models\\scooterHandler.js","statementMap":{"0":{"start":{"line":3,"column":21},"end":{"line":3,"column":30}},"1":{"start":{"line":4,"column":12},"end":{"line":4,"column":63}},"2":{"start":{"line":5,"column":16},"end":{"line":5,"column":42}},"3":{"start":{"line":12,"column":23},"end":{"line":85,"column":1}},"4":{"start":{"line":22,"column":4},"end":{"line":22,"column":42}},"5":{"start":{"line":22,"column":15},"end":{"line":22,"column":42}},"6":{"start":{"line":23,"column":4},"end":{"line":34,"column":5}},"7":{"start":{"line":24,"column":23},"end":{"line":29,"column":8}},"8":{"start":{"line":30,"column":19},"end":{"line":30,"column":40}},"9":{"start":{"line":31,"column":6},"end":{"line":31,"column":18}},"10":{"start":{"line":33,"column":6},"end":{"line":33,"column":18}},"11":{"start":{"line":46,"column":4},"end":{"line":46,"column":62}},"12":{"start":{"line":46,"column":20},"end":{"line":46,"column":62}},"13":{"start":{"line":47,"column":4},"end":{"line":47,"column":59}},"14":{"start":{"line":47,"column":17},"end":{"line":47,"column":59}},"15":{"start":{"line":48,"column":4},"end":{"line":59,"column":5}},"16":{"start":{"line":49,"column":23},"end":{"line":54,"column":8}},"17":{"start":{"line":55,"column":19},"end":{"line":55,"column":40}},"18":{"start":{"line":56,"column":6},"end":{"line":56,"column":18}},"19":{"start":{"line":58,"column":6},"end":{"line":58,"column":18}},"20":{"start":{"line":71,"column":4},"end":{"line":71,"column":52}},"21":{"start":{"line":71,"column":20},"end":{"line":71,"column":52}},"22":{"start":{"line":72,"column":4},"end":{"line":83,"column":5}},"23":{"start":{"line":73,"column":23},"end":{"line":78,"column":8}},"24":{"start":{"line":79,"column":19},"end":{"line":79,"column":40}},"25":{"start":{"line":80,"column":6},"end":{"line":80,"column":18}},"26":{"start":{"line":82,"column":6},"end":{"line":82,"column":18}},"27":{"start":{"line":87,"column":0},"end":{"line":87,"column":32}}},"fnMap":{"0":{"name":"fetchScooters","decl":{"start":{"line":21,"column":32},"end":{"line":21,"column":45}},"loc":{"start":{"line":21,"column":59},"end":{"line":35,"column":3}},"line":21},"1":{"name":"rentScooter","decl":{"start":{"line":45,"column":30},"end":{"line":45,"column":41}},"loc":{"start":{"line":45,"column":68},"end":{"line":60,"column":3}},"line":45},"2":{"name":"parkScooter","decl":{"start":{"line":70,"column":30},"end":{"line":70,"column":41}},"loc":{"start":{"line":70,"column":68},"end":{"line":84,"column":3}},"line":70}},"branchMap":{"0":{"loc":{"start":{"line":22,"column":4},"end":{"line":22,"column":42}},"type":"if","locations":[{"start":{"line":22,"column":4},"end":{"line":22,"column":42}},{"start":{},"end":{}}],"line":22},"1":{"loc":{"start":{"line":46,"column":4},"end":{"line":46,"column":62}},"type":"if","locations":[{"start":{"line":46,"column":4},"end":{"line":46,"column":62}},{"start":{},"end":{}}],"line":46},"2":{"loc":{"start":{"line":47,"column":4},"end":{"line":47,"column":59}},"type":"if","locations":[{"start":{"line":47,"column":4},"end":{"line":47,"column":59}},{"start":{},"end":{}}],"line":47},"3":{"loc":{"start":{"line":71,"column":4},"end":{"line":71,"column":52}},"type":"if","locations":[{"start":{"line":71,"column":4},"end":{"line":71,"column":52}},{"start":{},"end":{}}],"line":71}},"s":{"0":2,"1":2,"2":2,"3":2,"4":2,"5":1,"6":1,"7":1,"8":0,"9":0,"10":1,"11":2,"12":1,"13":1,"14":0,"15":1,"16":1,"17":0,"18":0,"19":1,"20":2,"21":1,"22":1,"23":1,"24":0,"25":0,"26":1,"27":2},"f":{"0":2,"1":2,"2":2},"b":{"0":[1,1],"1":[1,1],"2":[0,1],"3":[1,1]},"_coverageSchema":"1a1c01bbd47fc00a2c39e90264f33305004495a9","hash":"6c8f89fd7c563db307202dbe1408e9943d466745"}
,"C:\\Users\\Alex\\Desktop\\vteams\\vteam-main\\services\\app\\models\\userHandler.js": {"path":"C:\\Users\\Alex\\Desktop\\vteams\\vteam-main\\services\\app\\models\\userHandler.js","statementMap":{"0":{"start":{"line":3,"column":16},"end":{"line":3,"column":42}},"1":{"start":{"line":5,"column":21},"end":{"line":5,"column":30}},"2":{"start":{"line":6,"column":12},"end":{"line":6,"column":63}},"3":{"start":{"line":8,"column":20},"end":{"line":56,"column":1}},"4":{"start":{"line":18,"column":4},"end":{"line":18,"column":44}},"5":{"start":{"line":18,"column":16},"end":{"line":18,"column":44}},"6":{"start":{"line":19,"column":4},"end":{"line":19,"column":46}},"7":{"start":{"line":19,"column":17},"end":{"line":19,"column":46}},"8":{"start":{"line":20,"column":4},"end":{"line":20,"column":48}},"9":{"start":{"line":20,"column":18},"end":{"line":20,"column":48}},"10":{"start":{"line":21,"column":21},"end":{"line":26,"column":6}},"11":{"start":{"line":27,"column":17},"end":{"line":27,"column":38}},"12":{"start":{"line":28,"column":4},"end":{"line":28,"column":16}},"13":{"start":{"line":41,"column":4},"end":{"line":41,"column":44}},"14":{"start":{"line":41,"column":16},"end":{"line":41,"column":44}},"15":{"start":{"line":42,"column":4},"end":{"line":42,"column":44}},"16":{"start":{"line":42,"column":15},"end":{"line":42,"column":44}},"17":{"start":{"line":43,"column":4},"end":{"line":43,"column":48}},"18":{"start":{"line":43,"column":18},"end":{"line":43,"column":48}},"19":{"start":{"line":44,"column":21},"end":{"line":52,"column":6}},"20":{"start":{"line":54,"column":4},"end":{"line":54,"column":26}},"21":{"start":{"line":58,"column":0},"end":{"line":58,"column":29}}},"fnMap":{"0":{"name":"getUser","decl":{"start":{"line":17,"column":26},"end":{"line":17,"column":33}},"loc":{"start":{"line":17,"column":58},"end":{"line":29,"column":3}},"line":17},"1":{"name":"updateUser","decl":{"start":{"line":40,"column":29},"end":{"line":40,"column":39}},"loc":{"start":{"line":40,"column":62},"end":{"line":55,"column":3}},"line":40}},"branchMap":{"0":{"loc":{"start":{"line":18,"column":4},"end":{"line":18,"column":44}},"type":"if","locations":[{"start":{"line":18,"column":4},"end":{"line":18,"column":44}},{"start":{},"end":{}}],"line":18},"1":{"loc":{"start":{"line":19,"column":4},"end":{"line":19,"column":46}},"type":"if","locations":[{"start":{"line":19,"column":4},"end":{"line":19,"column":46}},{"start":{},"end":{}}],"line":19},"2":{"loc":{"start":{"line":20,"column":4},"end":{"line":20,"column":48}},"type":"if","locations":[{"start":{"line":20,"column":4},"end":{"line":20,"column":48}},{"start":{},"end":{}}],"line":20},"3":{"loc":{"start":{"line":41,"column":4},"end":{"line":41,"column":44}},"type":"if","locations":[{"start":{"line":41,"column":4},"end":{"line":41,"column":44}},{"start":{},"end":{}}],"line":41},"4":{"loc":{"start":{"line":42,"column":4},"end":{"line":42,"column":44}},"type":"if","locations":[{"start":{"line":42,"column":4},"end":{"line":42,"column":44}},{"start":{},"end":{}}],"line":42},"5":{"loc":{"start":{"line":43,"column":4},"end":{"line":43,"column":48}},"type":"if","locations":[{"start":{"line":43,"column":4},"end":{"line":43,"column":48}},{"start":{},"end":{}}],"line":43}},"s":{"0":2,"1":2,"2":2,"3":2,"4":4,"5":1,"6":3,"7":1,"8":2,"9":1,"10":1,"11":1,"12":1,"13":3,"14":1,"15":2,"16":1,"17":1,"18":1,"19":0,"20":0,"21":2},"f":{"0":4,"1":3},"b":{"0":[1,3],"1":[1,2],"2":[1,1],"3":[1,2],"4":[1,1],"5":[1,0]},"_coverageSchema":"1a1c01bbd47fc00a2c39e90264f33305004495a9","hash":"97fb053612acdacd820d4afd36dacbbbfc2c3ccf"}
}
