TN:
SF:components\loginPage.js
FN:5,LoginPage
FN:14,checkForAuthentication
FN:31,startPolling
FN:32,(anonymous_3)
FN:40,reqe
FN:48,(anonymous_5)
FN:57,(anonymous_6)
FNF:7
FNH:1
FNDA:1,LoginPage
FNDA:0,checkForAuthentication
FNDA:0,startPolling
FNDA:0,(anonymous_3)
FNDA:0,reqe
FNDA:0,(anonymous_5)
FNDA:0,(anonymous_6)
DA:15,0
DA:16,0
DA:17,0
DA:18,0
DA:19,0
DA:20,0
DA:21,0
DA:32,0
DA:33,0
DA:41,0
DA:42,0
DA:43,0
DA:46,1
DA:48,0
DA:57,0
DA:66,1
LF:16
LH:2
BRDA:16,0,0,0
BRDA:16,0,1,0
BRDA:48,1,0,1
BRDA:48,1,1,0
BRF:4
BRH:1
end_of_record
TN:
SF:components\modals\endRideModal.js
FN:13,parkScooter
FN:17,(anonymous_1)
FN:23,(anonymous_2)
FN:26,(anonymous_3)
FNF:4
FNH:1
FNDA:0,parkScooter
FNDA:1,(anonymous_1)
FNDA:0,(anonymous_2)
FNDA:0,(anonymous_3)
DA:14,0
DA:17,1
DA:18,1
DA:23,0
DA:26,0
DA:35,1
LF:6
LH:3
BRF:0
BRH:0
end_of_record
TN:
SF:components\modals\qrCodeModal.js
FN:14,rentScooter
FN:18,(anonymous_1)
FN:24,(anonymous_2)
FN:25,(anonymous_3)
FN:30,(anonymous_4)
FN:38,(anonymous_5)
FN:59,(anonymous_6)
FN:62,(anonymous_7)
FNF:8
FNH:4
FNDA:0,rentScooter
FNDA:1,(anonymous_1)
FNDA:1,(anonymous_2)
FNDA:1,(anonymous_3)
FNDA:1,(anonymous_4)
FNDA:0,(anonymous_5)
FNDA:0,(anonymous_6)
FNDA:0,(anonymous_7)
DA:15,0
DA:18,1
DA:19,1
DA:24,1
DA:25,1
DA:26,1
DA:30,1
DA:31,1
DA:38,1
DA:39,0
DA:40,0
DA:44,1
DA:59,0
DA:62,0
DA:73,1
LF:15
LH:10
BRDA:47,0,0,1
BRDA:47,0,1,0
BRDA:50,1,0,0
BRDA:50,1,1,1
BRF:4
BRH:2
end_of_record
TN:
SF:components\modals\userModal.js
FN:14,updateBalance
FN:18,(anonymous_1)
FN:27,(anonymous_2)
FN:32,(anonymous_3)
FN:35,(anonymous_4)
FNF:5
FNH:1
FNDA:0,updateBalance
FNDA:1,(anonymous_1)
FNDA:0,(anonymous_2)
FNDA:0,(anonymous_3)
FNDA:0,(anonymous_4)
DA:15,0
DA:18,1
DA:19,1
DA:20,1
DA:27,0
DA:32,0
DA:35,0
DA:44,1
LF:8
LH:4
BRF:0
BRH:0
end_of_record
TN:
SF:models\authHandler.js
FN:18,getGitHubUser
FN:35,req
FN:58,checkForAuth
FNF:3
FNH:3
FNDA:1,getGitHubUser
FNDA:1,req
FNDA:1,checkForAuth
DA:4,2
DA:6,2
DA:7,2
DA:9,2
DA:19,1
DA:25,1
DA:26,1
DA:36,1
DA:46,1
DA:47,1
DA:59,1
DA:71,1
DA:72,1
DA:76,2
LF:14
LH:14
BRF:0
BRH:0
end_of_record
TN:
SF:models\locationHandler.js
FN:18,fetchLocations
FN:41,fetchRates
FNF:2
FNH:2
FNDA:3,fetchLocations
FNDA:2,fetchRates
DA:3,1
DA:5,1
DA:6,1
DA:8,1
DA:19,3
DA:20,2
DA:21,1
DA:22,1
DA:28,0
DA:29,0
DA:31,1
DA:42,2
DA:43,1
DA:44,1
DA:50,0
DA:51,0
DA:53,1
DA:58,1
LF:18
LH:14
BRDA:19,0,0,1
BRDA:19,0,1,2
BRDA:20,1,0,1
BRDA:20,1,1,1
BRDA:42,2,0,1
BRDA:42,2,1,1
BRF:6
BRH:6
end_of_record
TN:
SF:models\scooterHandler.js
FN:21,fetchScooters
FN:45,rentScooter
FN:70,parkScooter
FNF:3
FNH:3
FNDA:2,fetchScooters
FNDA:2,rentScooter
FNDA:2,parkScooter
DA:3,2
DA:4,2
DA:5,2
DA:12,2
DA:22,2
DA:23,1
DA:24,1
DA:30,0
DA:31,0
DA:33,1
DA:46,2
DA:47,1
DA:48,1
DA:49,1
DA:55,0
DA:56,0
DA:58,1
DA:71,2
DA:72,1
DA:73,1
DA:79,0
DA:80,0
DA:82,1
DA:87,2
LF:24
LH:18
BRDA:22,0,0,1
BRDA:22,0,1,1
BRDA:46,1,0,1
BRDA:46,1,1,1
BRDA:47,2,0,0
BRDA:47,2,1,1
BRDA:71,3,0,1
BRDA:71,3,1,1
BRF:8
BRH:7
end_of_record
TN:
SF:models\userHandler.js
FN:17,getUser
FN:40,updateUser
FNF:2
FNH:2
FNDA:4,getUser
FNDA:3,updateUser
DA:3,2
DA:5,2
DA:6,2
DA:8,2
DA:18,4
DA:19,3
DA:20,2
DA:21,1
DA:27,1
DA:28,1
DA:41,3
DA:42,2
DA:43,1
DA:44,0
DA:54,0
DA:58,2
LF:16
LH:14
BRDA:18,0,0,1
BRDA:18,0,1,3
BRDA:19,1,0,1
BRDA:19,1,1,2
BRDA:20,2,0,1
BRDA:20,2,1,1
BRDA:41,3,0,1
BRDA:41,3,1,2
BRDA:42,4,0,1
BRDA:42,4,1,1
BRDA:43,5,0,1
BRDA:43,5,1,0
BRF:12
BRH:11
end_of_record
