{"C:\\Users\\Alex\\Desktop\\vteams\\vteam-main\\services\\location_service\\models\\locationHandler.js": {"path":"C:\\Users\\Alex\\Desktop\\vteams\\vteam-main\\services\\location_service\\models\\locationHandler.js","statementMap":{"0":{"start":{"line":9,"column":24},"end":{"line":78,"column":1}},"1":{"start":{"line":19,"column":8},"end":{"line":23,"column":9}},"2":{"start":{"line":20,"column":12},"end":{"line":20,"column":57}},"3":{"start":{"line":22,"column":12},"end":{"line":22,"column":31}},"4":{"start":{"line":35,"column":4},"end":{"line":43,"column":5}},"5":{"start":{"line":37,"column":30},"end":{"line":37,"column":66}},"6":{"start":{"line":39,"column":8},"end":{"line":39,"column":34}},"7":{"start":{"line":40,"column":8},"end":{"line":40,"column":86}},"8":{"start":{"line":42,"column":8},"end":{"line":42,"column":27}},"9":{"start":{"line":55,"column":4},"end":{"line":60,"column":5}},"10":{"start":{"line":56,"column":8},"end":{"line":56,"column":59}},"11":{"start":{"line":59,"column":8},"end":{"line":59,"column":27}},"12":{"start":{"line":71,"column":4},"end":{"line":76,"column":5}},"13":{"start":{"line":72,"column":8},"end":{"line":72,"column":59}},"14":{"start":{"line":75,"column":8},"end":{"line":75,"column":27}},"15":{"start":{"line":79,"column":0},"end":{"line":79,"column":33}}},"fnMap":{"0":{"name":"(anonymous_0)","decl":{"start":{"line":18,"column":18},"end":{"line":18,"column":19}},"loc":{"start":{"line":18,"column":32},"end":{"line":24,"column":5}},"line":18},"1":{"name":"(anonymous_1)","decl":{"start":{"line":34,"column":20},"end":{"line":34,"column":21}},"loc":{"start":{"line":34,"column":40},"end":{"line":44,"column":5}},"line":34},"2":{"name":"(anonymous_2)","decl":{"start":{"line":54,"column":20},"end":{"line":54,"column":21}},"loc":{"start":{"line":54,"column":40},"end":{"line":61,"column":5}},"line":54},"3":{"name":"(anonymous_3)","decl":{"start":{"line":70,"column":20},"end":{"line":70,"column":21}},"loc":{"start":{"line":70,"column":40},"end":{"line":77,"column":5}},"line":70}},"branchMap":{"0":{"loc":{"start":{"line":20,"column":30},"end":{"line":20,"column":55}},"type":"binary-expr","locations":[{"start":{"line":20,"column":30},"end":{"line":20,"column":40}},{"start":{"line":20,"column":44},"end":{"line":20,"column":55}}],"line":20}},"s":{"0":1,"1":1,"2":1,"3":0,"4":1,"5":1,"6":1,"7":1,"8":0,"9":1,"10":1,"11":0,"12":1,"13":1,"14":0,"15":1},"f":{"0":1,"1":1,"2":1,"3":1},"b":{"0":[1,0]},"_coverageSchema":"1a1c01bbd47fc00a2c39e90264f33305004495a9","hash":"631f5ce9fd80235aa2561de8e7c1aa0d98fbe6a4"}
,"C:\\Users\\Alex\\Desktop\\vteams\\vteam-main\\services\\location_service\\models\\ratesHandler.js": {"path":"C:\\Users\\Alex\\Desktop\\vteams\\vteam-main\\services\\location_service\\models\\ratesHandler.js","statementMap":{"0":{"start":{"line":6,"column":21},"end":{"line":65,"column":1}},"1":{"start":{"line":12,"column":8},"end":{"line":17,"column":9}},"2":{"start":{"line":13,"column":32},"end":{"line":13,"column":57}},"3":{"start":{"line":14,"column":8},"end":{"line":14,"column":31}},"4":{"start":{"line":16,"column":8},"end":{"line":16,"column":27}},"5":{"start":{"line":21,"column":8},"end":{"line":26,"column":9}},"6":{"start":{"line":22,"column":32},"end":{"line":22,"column":81}},"7":{"start":{"line":23,"column":8},"end":{"line":23,"column":31}},"8":{"start":{"line":25,"column":8},"end":{"line":25,"column":27}},"9":{"start":{"line":33,"column":8},"end":{"line":41,"column":9}},"10":{"start":{"line":35,"column":34},"end":{"line":35,"column":63}},"11":{"start":{"line":37,"column":12},"end":{"line":37,"column":38}},"12":{"start":{"line":38,"column":12},"end":{"line":38,"column":79}},"13":{"start":{"line":40,"column":12},"end":{"line":40,"column":31}},"14":{"start":{"line":48,"column":8},"end":{"line":52,"column":9}},"15":{"start":{"line":49,"column":12},"end":{"line":49,"column":53}},"16":{"start":{"line":51,"column":12},"end":{"line":51,"column":31}},"17":{"start":{"line":59,"column":8},"end":{"line":63,"column":9}},"18":{"start":{"line":60,"column":12},"end":{"line":60,"column":53}},"19":{"start":{"line":62,"column":12},"end":{"line":62,"column":31}},"20":{"start":{"line":66,"column":0},"end":{"line":66,"column":30}}},"fnMap":{"0":{"name":"(anonymous_0)","decl":{"start":{"line":11,"column":14},"end":{"line":11,"column":15}},"loc":{"start":{"line":11,"column":34},"end":{"line":18,"column":5}},"line":11},"1":{"name":"(anonymous_1)","decl":{"start":{"line":20,"column":13},"end":{"line":20,"column":14}},"loc":{"start":{"line":20,"column":33},"end":{"line":27,"column":5}},"line":20},"2":{"name":"(anonymous_2)","decl":{"start":{"line":32,"column":16},"end":{"line":32,"column":17}},"loc":{"start":{"line":32,"column":36},"end":{"line":42,"column":9}},"line":32},"3":{"name":"(anonymous_3)","decl":{"start":{"line":47,"column":16},"end":{"line":47,"column":17}},"loc":{"start":{"line":47,"column":36},"end":{"line":53,"column":5}},"line":47},"4":{"name":"(anonymous_4)","decl":{"start":{"line":58,"column":16},"end":{"line":58,"column":17}},"loc":{"start":{"line":58,"column":36},"end":{"line":64,"column":5}},"line":58}},"branchMap":{},"s":{"0":1,"1":1,"2":1,"3":1,"4":0,"5":0,"6":0,"7":0,"8":0,"9":1,"10":1,"11":1,"12":1,"13":0,"14":1,"15":1,"16":0,"17":1,"18":1,"19":0,"20":1},"f":{"0":1,"1":0,"2":1,"3":1,"4":1},"b":{},"_coverageSchema":"1a1c01bbd47fc00a2c39e90264f33305004495a9","hash":"df4a59fbba5c5bf4787a1ad7d469f94f59b93781"}
}
