TN:
SF:models\locationHandler.js
FN:18,(anonymous_0)
FN:34,(anonymous_1)
FN:54,(anonymous_2)
FN:70,(anonymous_3)
FNF:4
FNH:4
FNDA:1,(anonymous_0)
FNDA:1,(anonymous_1)
FNDA:1,(anonymous_2)
FNDA:1,(anonymous_3)
DA:9,1
DA:19,1
DA:20,1
DA:22,0
DA:35,1
DA:37,1
DA:39,1
DA:40,1
DA:42,0
DA:55,1
DA:56,1
DA:59,0
DA:71,1
DA:72,1
DA:75,0
DA:79,1
LF:16
LH:12
BRDA:20,0,0,1
BRDA:20,0,1,0
BRF:2
BRH:1
end_of_record
TN:
SF:models\ratesHandler.js
FN:11,(anonymous_0)
FN:20,(anonymous_1)
FN:32,(anonymous_2)
FN:47,(anonymous_3)
FN:58,(anonymous_4)
FNF:5
FNH:4
FNDA:1,(anonymous_0)
FNDA:0,(anonymous_1)
FNDA:1,(anonymous_2)
FNDA:1,(anonymous_3)
FNDA:1,(anonymous_4)
DA:6,1
DA:12,1
DA:13,1
DA:14,1
DA:16,0
DA:21,0
DA:22,0
DA:23,0
DA:25,0
DA:33,1
DA:35,1
DA:37,1
DA:38,1
DA:40,0
DA:48,1
DA:49,1
DA:51,0
DA:59,1
DA:60,1
DA:62,0
DA:66,1
LF:21
LH:13
BRF:0
BRH:0
end_of_record
