{"C:\\Users\\Alex\\Desktop\\vteams\\vteam-main\\services\\location_service\\models\\locationHandler.js": {"path":"C:\\Users\\Alex\\Desktop\\vteams\\vteam-main\\services\\location_service\\models\\locationHandler.js","statementMap":{"0":{"start":{"line":8,"column":4},"end":{"line":8,"column":17}},"1":{"start":{"line":12,"column":4},"end":{"line":12,"column":16}},"2":{"start":{"line":22,"column":4},"end":{"line":26,"column":5}},"3":{"start":{"line":23,"column":6},"end":{"line":23,"column":36}},"4":{"start":{"line":25,"column":6},"end":{"line":25,"column":19}},"5":{"start":{"line":38,"column":4},"end":{"line":38,"column":58}},"6":{"start":{"line":38,"column":23},"end":{"line":38,"column":58}},"7":{"start":{"line":39,"column":4},"end":{"line":46,"column":5}},"8":{"start":{"line":40,"column":18},"end":{"line":40,"column":30}},"9":{"start":{"line":41,"column":6},"end":{"line":41,"column":26}},"10":{"start":{"line":42,"column":16},"end":{"line":42,"column":73}},"11":{"start":{"line":43,"column":6},"end":{"line":43,"column":15}},"12":{"start":{"line":45,"column":6},"end":{"line":45,"column":19}},"13":{"start":{"line":58,"column":4},"end":{"line":63,"column":5}},"14":{"start":{"line":59,"column":16},"end":{"line":59,"column":59}},"15":{"start":{"line":60,"column":6},"end":{"line":60,"column":15}},"16":{"start":{"line":62,"column":6},"end":{"line":62,"column":19}},"17":{"start":{"line":75,"column":4},"end":{"line":80,"column":5}},"18":{"start":{"line":76,"column":21},"end":{"line":76,"column":64}},"19":{"start":{"line":77,"column":6},"end":{"line":77,"column":20}},"20":{"start":{"line":79,"column":6},"end":{"line":79,"column":19}},"21":{"start":{"line":83,"column":0},"end":{"line":83,"column":33}}},"fnMap":{"0":{"name":"(anonymous_0)","decl":{"start":{"line":7,"column":2},"end":{"line":7,"column":3}},"loc":{"start":{"line":7,"column":16},"end":{"line":9,"column":3}},"line":7},"1":{"name":"(anonymous_1)","decl":{"start":{"line":21,"column":2},"end":{"line":21,"column":3}},"loc":{"start":{"line":21,"column":25},"end":{"line":27,"column":3}},"line":21},"2":{"name":"(anonymous_2)","decl":{"start":{"line":37,"column":2},"end":{"line":37,"column":3}},"loc":{"start":{"line":37,"column":33},"end":{"line":47,"column":3}},"line":37},"3":{"name":"(anonymous_3)","decl":{"start":{"line":57,"column":2},"end":{"line":57,"column":3}},"loc":{"start":{"line":57,"column":33},"end":{"line":64,"column":3}},"line":57},"4":{"name":"(anonymous_4)","decl":{"start":{"line":74,"column":2},"end":{"line":74,"column":3}},"loc":{"start":{"line":74,"column":33},"end":{"line":81,"column":3}},"line":74}},"branchMap":{"0":{"loc":{"start":{"line":38,"column":4},"end":{"line":38,"column":58}},"type":"if","locations":[{"start":{"line":38,"column":4},"end":{"line":38,"column":58}},{"start":{},"end":{}}],"line":38}},"s":{"0":8,"1":8,"2":2,"3":2,"4":1,"5":2,"6":0,"7":1,"8":1,"9":1,"10":1,"11":1,"12":0,"13":2,"14":2,"15":1,"16":1,"17":2,"18":2,"19":1,"20":1,"21":1},"f":{"0":8,"1":2,"2":2,"3":2,"4":2},"b":{"0":[0,1]},"_coverageSchema":"1a1c01bbd47fc00a2c39e90264f33305004495a9","hash":"09fee7d8f6817a67afada4ef6a3f69c27cafa3ba"}
,"C:\\Users\\Alex\\Desktop\\vteams\\vteam-main\\services\\location_service\\models\\ratesHandler.js": {"path":"C:\\Users\\Alex\\Desktop\\vteams\\vteam-main\\services\\location_service\\models\\ratesHandler.js","statementMap":{"0":{"start":{"line":8,"column":4},"end":{"line":8,"column":17}},"1":{"start":{"line":12,"column":4},"end":{"line":12,"column":16}},"2":{"start":{"line":19,"column":4},"end":{"line":24,"column":5}},"3":{"start":{"line":20,"column":30},"end":{"line":20,"column":55}},"4":{"start":{"line":21,"column":6},"end":{"line":21,"column":29}},"5":{"start":{"line":23,"column":6},"end":{"line":23,"column":19}},"6":{"start":{"line":37,"column":4},"end":{"line":37,"column":51}},"7":{"start":{"line":37,"column":16},"end":{"line":37,"column":51}},"8":{"start":{"line":38,"column":4},"end":{"line":42,"column":5}},"9":{"start":{"line":39,"column":6},"end":{"line":39,"column":70}},"10":{"start":{"line":41,"column":6},"end":{"line":41,"column":19}},"11":{"start":{"line":53,"column":4},"end":{"line":53,"column":52}},"12":{"start":{"line":53,"column":12},"end":{"line":53,"column":52}},"13":{"start":{"line":54,"column":4},"end":{"line":58,"column":5}},"14":{"start":{"line":55,"column":6},"end":{"line":55,"column":47}},"15":{"start":{"line":57,"column":6},"end":{"line":57,"column":19}},"16":{"start":{"line":70,"column":4},"end":{"line":70,"column":51}},"17":{"start":{"line":70,"column":16},"end":{"line":70,"column":51}},"18":{"start":{"line":71,"column":4},"end":{"line":75,"column":5}},"19":{"start":{"line":72,"column":6},"end":{"line":72,"column":60}},"20":{"start":{"line":74,"column":6},"end":{"line":74,"column":19}},"21":{"start":{"line":78,"column":0},"end":{"line":78,"column":30}}},"fnMap":{"0":{"name":"(anonymous_0)","decl":{"start":{"line":7,"column":2},"end":{"line":7,"column":3}},"loc":{"start":{"line":7,"column":16},"end":{"line":9,"column":3}},"line":7},"1":{"name":"(anonymous_1)","decl":{"start":{"line":18,"column":2},"end":{"line":18,"column":3}},"loc":{"start":{"line":18,"column":24},"end":{"line":25,"column":3}},"line":18},"2":{"name":"(anonymous_2)","decl":{"start":{"line":36,"column":2},"end":{"line":36,"column":3}},"loc":{"start":{"line":36,"column":29},"end":{"line":43,"column":3}},"line":36},"3":{"name":"(anonymous_3)","decl":{"start":{"line":52,"column":2},"end":{"line":52,"column":3}},"loc":{"start":{"line":52,"column":29},"end":{"line":59,"column":3}},"line":52},"4":{"name":"(anonymous_4)","decl":{"start":{"line":69,"column":2},"end":{"line":69,"column":3}},"loc":{"start":{"line":69,"column":29},"end":{"line":76,"column":3}},"line":69}},"branchMap":{"0":{"loc":{"start":{"line":37,"column":4},"end":{"line":37,"column":51}},"type":"if","locations":[{"start":{"line":37,"column":4},"end":{"line":37,"column":51}},{"start":{},"end":{}}],"line":37},"1":{"loc":{"start":{"line":53,"column":4},"end":{"line":53,"column":52}},"type":"if","locations":[{"start":{"line":53,"column":4},"end":{"line":53,"column":52}},{"start":{},"end":{}}],"line":53},"2":{"loc":{"start":{"line":70,"column":4},"end":{"line":70,"column":51}},"type":"if","locations":[{"start":{"line":70,"column":4},"end":{"line":70,"column":51}},{"start":{},"end":{}}],"line":70}},"s":{"0":7,"1":7,"2":1,"3":1,"4":1,"5":0,"6":2,"7":1,"8":1,"9":1,"10":0,"11":2,"12":1,"13":1,"14":1,"15":0,"16":2,"17":1,"18":1,"19":1,"20":0,"21":1},"f":{"0":7,"1":1,"2":2,"3":2,"4":2},"b":{"0":[1,1],"1":[1,1],"2":[1,1]},"_coverageSchema":"1a1c01bbd47fc00a2c39e90264f33305004495a9","hash":"459de87ea5f7bac0ba307b658a90dd2f88f02adc"}
,"C:\\Users\\Alex\\Desktop\\vteams\\vteam-main\\services\\scooter_service\\src\\fleet_handler.js": {"path":"C:\\Users\\Alex\\Desktop\\vteams\\vteam-main\\services\\scooter_service\\src\\fleet_handler.js","statementMap":{"0":{"start":{"line":10,"column":4},"end":{"line":10,"column":27}},"1":{"start":{"line":11,"column":4},"end":{"line":11,"column":37}},"2":{"start":{"line":22,"column":19},"end":{"line":22,"column":21}},"3":{"start":{"line":24,"column":4},"end":{"line":33,"column":5}},"4":{"start":{"line":25,"column":6},"end":{"line":25,"column":31}},"5":{"start":{"line":27,"column":22},"end":{"line":27,"column":72}},"6":{"start":{"line":28,"column":6},"end":{"line":30,"column":7}},"7":{"start":{"line":29,"column":8},"end":{"line":29,"column":18}},"8":{"start":{"line":32,"column":6},"end":{"line":32,"column":21}},"9":{"start":{"line":35,"column":4},"end":{"line":37,"column":5}},"10":{"start":{"line":36,"column":6},"end":{"line":36,"column":55}},"11":{"start":{"line":39,"column":4},"end":{"line":39,"column":59}},"12":{"start":{"line":51,"column":23},"end":{"line":62,"column":5}},"13":{"start":{"line":64,"column":4},"end":{"line":64,"column":61}},"14":{"start":{"line":66,"column":4},"end":{"line":66,"column":22}},"15":{"start":{"line":75,"column":24},"end":{"line":75,"column":25}},"16":{"start":{"line":77,"column":4},"end":{"line":90,"column":5}},"17":{"start":{"line":78,"column":18},"end":{"line":80,"column":7}},"18":{"start":{"line":82,"column":30},"end":{"line":82,"column":65}},"19":{"start":{"line":84,"column":6},"end":{"line":84,"column":33}},"20":{"start":{"line":86,"column":23},"end":{"line":86,"column":89}},"21":{"start":{"line":87,"column":6},"end":{"line":89,"column":7}},"22":{"start":{"line":88,"column":8},"end":{"line":88,"column":27}},"23":{"start":{"line":92,"column":4},"end":{"line":92,"column":54}},"24":{"start":{"line":106,"column":15},"end":{"line":106,"column":17}},"25":{"start":{"line":107,"column":19},"end":{"line":107,"column":21}},"26":{"start":{"line":109,"column":4},"end":{"line":111,"column":5}},"27":{"start":{"line":110,"column":6},"end":{"line":110,"column":34}},"28":{"start":{"line":113,"column":4},"end":{"line":115,"column":5}},"29":{"start":{"line":114,"column":6},"end":{"line":114,"column":44}},"30":{"start":{"line":117,"column":4},"end":{"line":119,"column":5}},"31":{"start":{"line":118,"column":6},"end":{"line":118,"column":62}},"32":{"start":{"line":121,"column":4},"end":{"line":123,"column":5}},"33":{"start":{"line":122,"column":6},"end":{"line":122,"column":52}},"34":{"start":{"line":125,"column":4},"end":{"line":127,"column":5}},"35":{"start":{"line":126,"column":6},"end":{"line":126,"column":52}},"36":{"start":{"line":129,"column":4},"end":{"line":129,"column":61}},"37":{"start":{"line":131,"column":4},"end":{"line":131,"column":62}},"38":{"start":{"line":140,"column":27},"end":{"line":140,"column":73}},"39":{"start":{"line":141,"column":4},"end":{"line":141,"column":53}},"40":{"start":{"line":142,"column":4},"end":{"line":142,"column":26}},"41":{"start":{"line":146,"column":0},"end":{"line":146,"column":34}}},"fnMap":{"0":{"name":"(anonymous_0)","decl":{"start":{"line":9,"column":2},"end":{"line":9,"column":3}},"loc":{"start":{"line":9,"column":28},"end":{"line":12,"column":3}},"line":9},"1":{"name":"(anonymous_1)","decl":{"start":{"line":21,"column":2},"end":{"line":21,"column":3}},"loc":{"start":{"line":21,"column":34},"end":{"line":40,"column":3}},"line":21},"2":{"name":"(anonymous_2)","decl":{"start":{"line":50,"column":2},"end":{"line":50,"column":3}},"loc":{"start":{"line":50,"column":35},"end":{"line":67,"column":3}},"line":50},"3":{"name":"(anonymous_3)","decl":{"start":{"line":74,"column":2},"end":{"line":74,"column":3}},"loc":{"start":{"line":74,"column":33},"end":{"line":93,"column":3}},"line":74},"4":{"name":"(anonymous_4)","decl":{"start":{"line":105,"column":2},"end":{"line":105,"column":3}},"loc":{"start":{"line":105,"column":38},"end":{"line":132,"column":3}},"line":105},"5":{"name":"(anonymous_5)","decl":{"start":{"line":139,"column":2},"end":{"line":139,"column":3}},"loc":{"start":{"line":139,"column":26},"end":{"line":143,"column":3}},"line":139}},"branchMap":{"0":{"loc":{"start":{"line":21,"column":20},"end":{"line":21,"column":32}},"type":"default-arg","locations":[{"start":{"line":21,"column":30},"end":{"line":21,"column":32}}],"line":21},"1":{"loc":{"start":{"line":24,"column":4},"end":{"line":33,"column":5}},"type":"if","locations":[{"start":{"line":24,"column":4},"end":{"line":33,"column":5}},{"start":{},"end":{}}],"line":24},"2":{"loc":{"start":{"line":28,"column":6},"end":{"line":30,"column":7}},"type":"if","locations":[{"start":{"line":28,"column":6},"end":{"line":30,"column":7}},{"start":{},"end":{}}],"line":28},"3":{"loc":{"start":{"line":35,"column":4},"end":{"line":37,"column":5}},"type":"if","locations":[{"start":{"line":35,"column":4},"end":{"line":37,"column":5}},{"start":{},"end":{}}],"line":35},"4":{"loc":{"start":{"line":87,"column":6},"end":{"line":89,"column":7}},"type":"if","locations":[{"start":{"line":87,"column":6},"end":{"line":89,"column":7}},{"start":{},"end":{}}],"line":87},"5":{"loc":{"start":{"line":109,"column":4},"end":{"line":111,"column":5}},"type":"if","locations":[{"start":{"line":109,"column":4},"end":{"line":111,"column":5}},{"start":{},"end":{}}],"line":109},"6":{"loc":{"start":{"line":113,"column":4},"end":{"line":115,"column":5}},"type":"if","locations":[{"start":{"line":113,"column":4},"end":{"line":115,"column":5}},{"start":{},"end":{}}],"line":113},"7":{"loc":{"start":{"line":117,"column":4},"end":{"line":119,"column":5}},"type":"if","locations":[{"start":{"line":117,"column":4},"end":{"line":119,"column":5}},{"start":{},"end":{}}],"line":117},"8":{"loc":{"start":{"line":121,"column":4},"end":{"line":123,"column":5}},"type":"if","locations":[{"start":{"line":121,"column":4},"end":{"line":123,"column":5}},{"start":{},"end":{}}],"line":121},"9":{"loc":{"start":{"line":125,"column":4},"end":{"line":127,"column":5}},"type":"if","locations":[{"start":{"line":125,"column":4},"end":{"line":127,"column":5}},{"start":{},"end":{}}],"line":125}},"s":{"0":8,"1":8,"2":4,"3":4,"4":2,"5":2,"6":2,"7":1,"8":1,"9":2,"10":1,"11":2,"12":1,"13":1,"14":1,"15":1,"16":1,"17":3,"18":3,"19":3,"20":3,"21":3,"22":3,"23":1,"24":1,"25":1,"26":1,"27":1,"28":1,"29":1,"30":1,"31":1,"32":1,"33":1,"34":1,"35":1,"36":1,"37":1,"38":1,"39":1,"40":1,"41":1},"f":{"0":8,"1":4,"2":1,"3":1,"4":1,"5":1},"b":{"0":[1],"1":[2,2],"2":[1,1],"3":[1,1],"4":[3,0],"5":[1,0],"6":[1,0],"7":[1,0],"8":[1,0],"9":[1,0]},"_coverageSchema":"1a1c01bbd47fc00a2c39e90264f33305004495a9","hash":"5716f5279c77d488a435afbc3dbfaf974e23af03"}
,"C:\\Users\\Alex\\Desktop\\vteams\\vteam-main\\services\\scooter_service\\src\\scooter_handler.js": {"path":"C:\\Users\\Alex\\Desktop\\vteams\\vteam-main\\services\\scooter_service\\src\\scooter_handler.js","statementMap":{"0":{"start":{"line":11,"column":4},"end":{"line":11,"column":23}},"1":{"start":{"line":12,"column":4},"end":{"line":15,"column":5}},"2":{"start":{"line":13,"column":6},"end":{"line":13,"column":43}},"3":{"start":{"line":14,"column":6},"end":{"line":14,"column":34}},"4":{"start":{"line":17,"column":4},"end":{"line":17,"column":37}},"5":{"start":{"line":25,"column":4},"end":{"line":25,"column":35}},"6":{"start":{"line":33,"column":4},"end":{"line":33,"column":25}},"7":{"start":{"line":43,"column":4},"end":{"line":48,"column":5}},"8":{"start":{"line":43,"column":17},"end":{"line":43,"column":18}},"9":{"start":{"line":44,"column":6},"end":{"line":47,"column":7}},"10":{"start":{"line":45,"column":8},"end":{"line":45,"column":43}},"11":{"start":{"line":46,"column":8},"end":{"line":46,"column":20}},"12":{"start":{"line":50,"column":4},"end":{"line":50,"column":72}},"13":{"start":{"line":54,"column":21},"end":{"line":54,"column":26}},"14":{"start":{"line":56,"column":4},"end":{"line":60,"column":5}},"15":{"start":{"line":57,"column":6},"end":{"line":59,"column":7}},"16":{"start":{"line":58,"column":8},"end":{"line":58,"column":26}},"17":{"start":{"line":62,"column":4},"end":{"line":64,"column":5}},"18":{"start":{"line":63,"column":6},"end":{"line":63,"column":61}},"19":{"start":{"line":66,"column":4},"end":{"line":66,"column":45}},"20":{"start":{"line":75,"column":4},"end":{"line":80,"column":5}},"21":{"start":{"line":75,"column":17},"end":{"line":75,"column":18}},"22":{"start":{"line":76,"column":6},"end":{"line":79,"column":7}},"23":{"start":{"line":77,"column":8},"end":{"line":77,"column":35}},"24":{"start":{"line":78,"column":8},"end":{"line":78,"column":20}},"25":{"start":{"line":82,"column":4},"end":{"line":82,"column":72}},"26":{"start":{"line":93,"column":4},"end":{"line":99,"column":5}},"27":{"start":{"line":94,"column":6},"end":{"line":98,"column":7}},"28":{"start":{"line":95,"column":8},"end":{"line":95,"column":35}},"29":{"start":{"line":96,"column":8},"end":{"line":96,"column":32}},"30":{"start":{"line":97,"column":8},"end":{"line":97,"column":23}},"31":{"start":{"line":101,"column":4},"end":{"line":101,"column":62}},"32":{"start":{"line":111,"column":4},"end":{"line":118,"column":5}},"33":{"start":{"line":112,"column":6},"end":{"line":117,"column":7}},"34":{"start":{"line":113,"column":8},"end":{"line":113,"column":48}},"35":{"start":{"line":114,"column":8},"end":{"line":114,"column":48}},"36":{"start":{"line":115,"column":8},"end":{"line":115,"column":55}},"37":{"start":{"line":116,"column":8},"end":{"line":116,"column":23}},"38":{"start":{"line":120,"column":4},"end":{"line":120,"column":72}},"39":{"start":{"line":130,"column":4},"end":{"line":146,"column":5}},"40":{"start":{"line":131,"column":6},"end":{"line":145,"column":7}},"41":{"start":{"line":133,"column":8},"end":{"line":133,"column":37}},"42":{"start":{"line":134,"column":8},"end":{"line":134,"column":27}},"43":{"start":{"line":136,"column":8},"end":{"line":142,"column":9}},"44":{"start":{"line":136,"column":21},"end":{"line":136,"column":22}},"45":{"start":{"line":137,"column":10},"end":{"line":141,"column":11}},"46":{"start":{"line":138,"column":12},"end":{"line":138,"column":43}},"47":{"start":{"line":139,"column":12},"end":{"line":139,"column":50}},"48":{"start":{"line":140,"column":12},"end":{"line":140,"column":18}},"49":{"start":{"line":144,"column":8},"end":{"line":144,"column":23}},"50":{"start":{"line":148,"column":4},"end":{"line":148,"column":62}},"51":{"start":{"line":158,"column":4},"end":{"line":165,"column":5}},"52":{"start":{"line":159,"column":6},"end":{"line":164,"column":7}},"53":{"start":{"line":160,"column":8},"end":{"line":160,"column":46}},"54":{"start":{"line":161,"column":8},"end":{"line":161,"column":46}},"55":{"start":{"line":162,"column":8},"end":{"line":162,"column":53}},"56":{"start":{"line":163,"column":8},"end":{"line":163,"column":23}},"57":{"start":{"line":167,"column":4},"end":{"line":167,"column":70}},"58":{"start":{"line":176,"column":4},"end":{"line":184,"column":5}},"59":{"start":{"line":177,"column":6},"end":{"line":183,"column":7}},"60":{"start":{"line":178,"column":8},"end":{"line":178,"column":65}},"61":{"start":{"line":179,"column":8},"end":{"line":179,"column":65}},"62":{"start":{"line":180,"column":8},"end":{"line":180,"column":69}},"63":{"start":{"line":181,"column":8},"end":{"line":181,"column":112}},"64":{"start":{"line":182,"column":8},"end":{"line":182,"column":20}},"65":{"start":{"line":186,"column":4},"end":{"line":186,"column":73}},"66":{"start":{"line":190,"column":0},"end":{"line":190,"column":36}}},"fnMap":{"0":{"name":"(anonymous_0)","decl":{"start":{"line":10,"column":2},"end":{"line":10,"column":3}},"loc":{"start":{"line":10,"column":24},"end":{"line":18,"column":3}},"line":10},"1":{"name":"(anonymous_1)","decl":{"start":{"line":24,"column":2},"end":{"line":24,"column":3}},"loc":{"start":{"line":24,"column":31},"end":{"line":26,"column":3}},"line":24},"2":{"name":"(anonymous_2)","decl":{"start":{"line":32,"column":2},"end":{"line":32,"column":3}},"loc":{"start":{"line":32,"column":19},"end":{"line":34,"column":3}},"line":32},"3":{"name":"(anonymous_3)","decl":{"start":{"line":42,"column":2},"end":{"line":42,"column":3}},"loc":{"start":{"line":42,"column":39},"end":{"line":51,"column":3}},"line":42},"4":{"name":"(anonymous_4)","decl":{"start":{"line":53,"column":2},"end":{"line":53,"column":3}},"loc":{"start":{"line":53,"column":32},"end":{"line":67,"column":3}},"line":53},"5":{"name":"(anonymous_5)","decl":{"start":{"line":74,"column":2},"end":{"line":74,"column":3}},"loc":{"start":{"line":74,"column":39},"end":{"line":83,"column":3}},"line":74},"6":{"name":"(anonymous_6)","decl":{"start":{"line":92,"column":2},"end":{"line":92,"column":3}},"loc":{"start":{"line":92,"column":35},"end":{"line":102,"column":3}},"line":92},"7":{"name":"(anonymous_7)","decl":{"start":{"line":110,"column":2},"end":{"line":110,"column":3}},"loc":{"start":{"line":110,"column":35},"end":{"line":121,"column":3}},"line":110},"8":{"name":"(anonymous_8)","decl":{"start":{"line":129,"column":2},"end":{"line":129,"column":3}},"loc":{"start":{"line":129,"column":25},"end":{"line":149,"column":3}},"line":129},"9":{"name":"(anonymous_9)","decl":{"start":{"line":157,"column":2},"end":{"line":157,"column":3}},"loc":{"start":{"line":157,"column":31},"end":{"line":168,"column":3}},"line":157},"10":{"name":"(anonymous_10)","decl":{"start":{"line":175,"column":2},"end":{"line":175,"column":3}},"loc":{"start":{"line":175,"column":42},"end":{"line":187,"column":3}},"line":175}},"branchMap":{"0":{"loc":{"start":{"line":44,"column":6},"end":{"line":47,"column":7}},"type":"if","locations":[{"start":{"line":44,"column":6},"end":{"line":47,"column":7}},{"start":{},"end":{}}],"line":44},"1":{"loc":{"start":{"line":57,"column":6},"end":{"line":59,"column":7}},"type":"if","locations":[{"start":{"line":57,"column":6},"end":{"line":59,"column":7}},{"start":{},"end":{}}],"line":57},"2":{"loc":{"start":{"line":62,"column":4},"end":{"line":64,"column":5}},"type":"if","locations":[{"start":{"line":62,"column":4},"end":{"line":64,"column":5}},{"start":{},"end":{}}],"line":62},"3":{"loc":{"start":{"line":76,"column":6},"end":{"line":79,"column":7}},"type":"if","locations":[{"start":{"line":76,"column":6},"end":{"line":79,"column":7}},{"start":{},"end":{}}],"line":76},"4":{"loc":{"start":{"line":94,"column":6},"end":{"line":98,"column":7}},"type":"if","locations":[{"start":{"line":94,"column":6},"end":{"line":98,"column":7}},{"start":{},"end":{}}],"line":94},"5":{"loc":{"start":{"line":112,"column":6},"end":{"line":117,"column":7}},"type":"if","locations":[{"start":{"line":112,"column":6},"end":{"line":117,"column":7}},{"start":{},"end":{}}],"line":112},"6":{"loc":{"start":{"line":131,"column":6},"end":{"line":145,"column":7}},"type":"if","locations":[{"start":{"line":131,"column":6},"end":{"line":145,"column":7}},{"start":{},"end":{}}],"line":131},"7":{"loc":{"start":{"line":137,"column":10},"end":{"line":141,"column":11}},"type":"if","locations":[{"start":{"line":137,"column":10},"end":{"line":141,"column":11}},{"start":{},"end":{}}],"line":137},"8":{"loc":{"start":{"line":159,"column":6},"end":{"line":164,"column":7}},"type":"if","locations":[{"start":{"line":159,"column":6},"end":{"line":164,"column":7}},{"start":{},"end":{}}],"line":159},"9":{"loc":{"start":{"line":177,"column":6},"end":{"line":183,"column":7}},"type":"if","locations":[{"start":{"line":177,"column":6},"end":{"line":183,"column":7}},{"start":{},"end":{}}],"line":177}},"s":{"0":18,"1":18,"2":54,"3":54,"4":18,"5":1,"6":1,"7":2,"8":2,"9":4,"10":1,"11":1,"12":1,"13":0,"14":0,"15":0,"16":0,"17":0,"18":0,"19":0,"20":2,"21":2,"22":5,"23":1,"24":1,"25":1,"26":2,"27":4,"28":1,"29":1,"30":1,"31":1,"32":2,"33":4,"34":1,"35":1,"36":1,"37":1,"38":1,"39":2,"40":4,"41":1,"42":1,"43":1,"44":1,"45":0,"46":0,"47":0,"48":0,"49":1,"50":1,"51":2,"52":4,"53":1,"54":1,"55":1,"56":1,"57":1,"58":2,"59":4,"60":1,"61":1,"62":1,"63":1,"64":1,"65":1,"66":1},"f":{"0":18,"1":1,"2":1,"3":2,"4":0,"5":2,"6":2,"7":2,"8":2,"9":2,"10":2},"b":{"0":[1,3],"1":[0,0],"2":[0,0],"3":[1,4],"4":[1,3],"5":[1,3],"6":[1,3],"7":[0,0],"8":[1,3],"9":[1,3]},"_coverageSchema":"1a1c01bbd47fc00a2c39e90264f33305004495a9","hash":"d982e13e678c18fd952c75597c9d0267a0d56ed5"}
,"C:\\Users\\Alex\\Desktop\\vteams\\vteam-main\\services\\user_service\\models\\userHandler.js": {"path":"C:\\Users\\Alex\\Desktop\\vteams\\vteam-main\\services\\user_service\\models\\userHandler.js","statementMap":{"0":{"start":{"line":10,"column":4},"end":{"line":10,"column":27}},"1":{"start":{"line":11,"column":4},"end":{"line":11,"column":34}},"2":{"start":{"line":20,"column":4},"end":{"line":25,"column":5}},"3":{"start":{"line":21,"column":19},"end":{"line":21,"column":73}},"4":{"start":{"line":22,"column":6},"end":{"line":22,"column":18}},"5":{"start":{"line":24,"column":6},"end":{"line":24,"column":19}},"6":{"start":{"line":33,"column":4},"end":{"line":38,"column":5}},"7":{"start":{"line":34,"column":20},"end":{"line":34,"column":63}},"8":{"start":{"line":35,"column":6},"end":{"line":35,"column":19}},"9":{"start":{"line":37,"column":6},"end":{"line":37,"column":19}},"10":{"start":{"line":47,"column":4},"end":{"line":52,"column":5}},"11":{"start":{"line":48,"column":6},"end":{"line":48,"column":64}},"12":{"start":{"line":49,"column":6},"end":{"line":49,"column":21}},"13":{"start":{"line":51,"column":6},"end":{"line":51,"column":19}},"14":{"start":{"line":61,"column":4},"end":{"line":75,"column":5}},"15":{"start":{"line":63,"column":30},"end":{"line":63,"column":70}},"16":{"start":{"line":65,"column":6},"end":{"line":65,"column":33}},"17":{"start":{"line":67,"column":6},"end":{"line":71,"column":8}},"18":{"start":{"line":72,"column":6},"end":{"line":72,"column":26}},"19":{"start":{"line":74,"column":6},"end":{"line":74,"column":19}},"20":{"start":{"line":84,"column":4},"end":{"line":90,"column":5}},"21":{"start":{"line":85,"column":19},"end":{"line":85,"column":45}},"22":{"start":{"line":86,"column":6},"end":{"line":86,"column":63}},"23":{"start":{"line":87,"column":6},"end":{"line":87,"column":18}},"24":{"start":{"line":89,"column":6},"end":{"line":89,"column":19}},"25":{"start":{"line":94,"column":0},"end":{"line":94,"column":33}}},"fnMap":{"0":{"name":"(anonymous_0)","decl":{"start":{"line":9,"column":2},"end":{"line":9,"column":3}},"loc":{"start":{"line":9,"column":28},"end":{"line":12,"column":3}},"line":9},"1":{"name":"(anonymous_1)","decl":{"start":{"line":19,"column":2},"end":{"line":19,"column":3}},"loc":{"start":{"line":19,"column":24},"end":{"line":26,"column":3}},"line":19},"2":{"name":"(anonymous_2)","decl":{"start":{"line":32,"column":2},"end":{"line":32,"column":3}},"loc":{"start":{"line":32,"column":19},"end":{"line":39,"column":3}},"line":32},"3":{"name":"(anonymous_3)","decl":{"start":{"line":46,"column":2},"end":{"line":46,"column":3}},"loc":{"start":{"line":46,"column":25},"end":{"line":53,"column":3}},"line":46},"4":{"name":"(anonymous_4)","decl":{"start":{"line":60,"column":2},"end":{"line":60,"column":3}},"loc":{"start":{"line":60,"column":33},"end":{"line":76,"column":3}},"line":60},"5":{"name":"(anonymous_5)","decl":{"start":{"line":83,"column":2},"end":{"line":83,"column":3}},"loc":{"start":{"line":83,"column":27},"end":{"line":91,"column":3}},"line":83}},"branchMap":{},"s":{"0":5,"1":5,"2":2,"3":2,"4":2,"5":0,"6":1,"7":1,"8":1,"9":0,"10":1,"11":1,"12":1,"13":0,"14":1,"15":1,"16":1,"17":1,"18":1,"19":0,"20":1,"21":1,"22":1,"23":1,"24":0,"25":1},"f":{"0":5,"1":2,"2":1,"3":1,"4":1,"5":1},"b":{},"_coverageSchema":"1a1c01bbd47fc00a2c39e90264f33305004495a9","hash":"e5bc1a0872870f05ebfb1e74584a84970396c224"}
,"C:\\Users\\Alex\\Desktop\\vteams\\vteam-main\\shared\\resources.js": {"path":"C:\\Users\\Alex\\Desktop\\vteams\\vteam-main\\shared\\resources.js","statementMap":{"0":{"start":{"line":1,"column":13},"end":{"line":1,"column":30}},"1":{"start":{"line":3,"column":19},"end":{"line":69,"column":1}},"2":{"start":{"line":71,"column":20},"end":{"line":90,"column":1}},"3":{"start":{"line":92,"column":0},"end":{"line":92,"column":51}}},"fnMap":{},"branchMap":{},"s":{"0":2,"1":2,"2":2,"3":2},"f":{},"b":{},"_coverageSchema":"1a1c01bbd47fc00a2c39e90264f33305004495a9","hash":"4bcdb361d0fc8e5335260cff4c161ac9e007f275"}
,"C:\\Users\\Alex\\Desktop\\vteams\\vteam-main\\utility\\simulation\\src\\scooter.js": {"path":"C:\\Users\\Alex\\Desktop\\vteams\\vteam-main\\utility\\simulation\\src\\scooter.js","statementMap":{"0":{"start":{"line":1,"column":24},"end":{"line":1,"column":60}},"1":{"start":{"line":20,"column":4},"end":{"line":20,"column":28}},"2":{"start":{"line":21,"column":4},"end":{"line":21,"column":42}},"3":{"start":{"line":23,"column":4},"end":{"line":23,"column":16}},"4":{"start":{"line":24,"column":4},"end":{"line":24,"column":16}},"5":{"start":{"line":25,"column":4},"end":{"line":25,"column":18}},"6":{"start":{"line":26,"column":4},"end":{"line":26,"column":19}},"7":{"start":{"line":34,"column":6},"end":{"line":34,"column":23}},"8":{"start":{"line":45,"column":4},"end":{"line":45,"column":46}},"9":{"start":{"line":46,"column":4},"end":{"line":46,"column":30}},"10":{"start":{"line":47,"column":4},"end":{"line":47,"column":30}},"11":{"start":{"line":48,"column":4},"end":{"line":48,"column":32}},"12":{"start":{"line":49,"column":4},"end":{"line":49,"column":39}},"13":{"start":{"line":50,"column":4},"end":{"line":50,"column":47}},"14":{"start":{"line":59,"column":4},"end":{"line":59,"column":44}},"15":{"start":{"line":60,"column":4},"end":{"line":64,"column":7}},"16":{"start":{"line":65,"column":4},"end":{"line":65,"column":30}},"17":{"start":{"line":66,"column":4},"end":{"line":66,"column":30}},"18":{"start":{"line":67,"column":4},"end":{"line":67,"column":35}},"19":{"start":{"line":69,"column":4},"end":{"line":69,"column":26}},"20":{"start":{"line":70,"column":4},"end":{"line":70,"column":38}},"21":{"start":{"line":77,"column":4},"end":{"line":77,"column":56}},"22":{"start":{"line":80,"column":4},"end":{"line":84,"column":5}},"23":{"start":{"line":81,"column":4},"end":{"line":81,"column":42}},"24":{"start":{"line":82,"column":4},"end":{"line":82,"column":22}},"25":{"start":{"line":83,"column":4},"end":{"line":83,"column":18}},"26":{"start":{"line":87,"column":23},"end":{"line":87,"column":41}},"27":{"start":{"line":89,"column":4},"end":{"line":89,"column":50}},"28":{"start":{"line":90,"column":4},"end":{"line":90,"column":50}},"29":{"start":{"line":92,"column":22},"end":{"line":92,"column":61}},"30":{"start":{"line":93,"column":22},"end":{"line":93,"column":61}},"31":{"start":{"line":95,"column":24},"end":{"line":95,"column":42}},"32":{"start":{"line":96,"column":24},"end":{"line":96,"column":97}},"33":{"start":{"line":98,"column":4},"end":{"line":98,"column":44}},"34":{"start":{"line":99,"column":4},"end":{"line":99,"column":44}},"35":{"start":{"line":102,"column":21},"end":{"line":102,"column":77}},"36":{"start":{"line":103,"column":19},"end":{"line":103,"column":61}},"37":{"start":{"line":105,"column":4},"end":{"line":105,"column":45}},"38":{"start":{"line":108,"column":4},"end":{"line":108,"column":35}},"39":{"start":{"line":109,"column":4},"end":{"line":109,"column":16}},"40":{"start":{"line":111,"column":4},"end":{"line":111,"column":69}},"41":{"start":{"line":120,"column":4},"end":{"line":120,"column":47}},"42":{"start":{"line":121,"column":4},"end":{"line":121,"column":37}},"43":{"start":{"line":128,"column":4},"end":{"line":128,"column":45}},"44":{"start":{"line":129,"column":4},"end":{"line":129,"column":37}},"45":{"start":{"line":137,"column":4},"end":{"line":137,"column":31}},"46":{"start":{"line":145,"column":4},"end":{"line":145,"column":45}},"47":{"start":{"line":153,"column":4},"end":{"line":156,"column":5}},"48":{"start":{"line":155,"column":6},"end":{"line":155,"column":18}},"49":{"start":{"line":158,"column":4},"end":{"line":161,"column":5}},"50":{"start":{"line":160,"column":6},"end":{"line":160,"column":18}},"51":{"start":{"line":163,"column":4},"end":{"line":163,"column":17}},"52":{"start":{"line":167,"column":0},"end":{"line":167,"column":29}}},"fnMap":{"0":{"name":"(anonymous_0)","decl":{"start":{"line":19,"column":2},"end":{"line":19,"column":3}},"loc":{"start":{"line":19,"column":27},"end":{"line":27,"column":3}},"line":19},"1":{"name":"(anonymous_1)","decl":{"start":{"line":33,"column":2},"end":{"line":33,"column":3}},"loc":{"start":{"line":33,"column":19},"end":{"line":35,"column":3}},"line":33},"2":{"name":"(anonymous_2)","decl":{"start":{"line":44,"column":2},"end":{"line":44,"column":3}},"loc":{"start":{"line":44,"column":66},"end":{"line":51,"column":3}},"line":44},"3":{"name":"(anonymous_3)","decl":{"start":{"line":58,"column":2},"end":{"line":58,"column":3}},"loc":{"start":{"line":58,"column":30},"end":{"line":71,"column":3}},"line":58},"4":{"name":"(anonymous_4)","decl":{"start":{"line":76,"column":2},"end":{"line":76,"column":3}},"loc":{"start":{"line":76,"column":20},"end":{"line":113,"column":3}},"line":76},"5":{"name":"(anonymous_5)","decl":{"start":{"line":119,"column":2},"end":{"line":119,"column":3}},"loc":{"start":{"line":119,"column":25},"end":{"line":122,"column":3}},"line":119},"6":{"name":"(anonymous_6)","decl":{"start":{"line":127,"column":2},"end":{"line":127,"column":3}},"loc":{"start":{"line":127,"column":11},"end":{"line":130,"column":3}},"line":127},"7":{"name":"(anonymous_7)","decl":{"start":{"line":136,"column":2},"end":{"line":136,"column":3}},"loc":{"start":{"line":136,"column":25},"end":{"line":138,"column":3}},"line":136},"8":{"name":"(anonymous_8)","decl":{"start":{"line":144,"column":2},"end":{"line":144,"column":3}},"loc":{"start":{"line":144,"column":15},"end":{"line":146,"column":3}},"line":144},"9":{"name":"(anonymous_9)","decl":{"start":{"line":152,"column":2},"end":{"line":152,"column":3}},"loc":{"start":{"line":152,"column":16},"end":{"line":164,"column":3}},"line":152}},"branchMap":{"0":{"loc":{"start":{"line":21,"column":20},"end":{"line":21,"column":41}},"type":"binary-expr","locations":[{"start":{"line":21,"column":20},"end":{"line":21,"column":35}},{"start":{"line":21,"column":39},"end":{"line":21,"column":41}}],"line":21},"1":{"loc":{"start":{"line":80,"column":4},"end":{"line":84,"column":5}},"type":"if","locations":[{"start":{"line":80,"column":4},"end":{"line":84,"column":5}},{"start":{},"end":{}}],"line":80},"2":{"loc":{"start":{"line":153,"column":4},"end":{"line":156,"column":5}},"type":"if","locations":[{"start":{"line":153,"column":4},"end":{"line":156,"column":5}},{"start":{},"end":{}}],"line":153},"3":{"loc":{"start":{"line":153,"column":8},"end":{"line":154,"column":80}},"type":"binary-expr","locations":[{"start":{"line":153,"column":8},"end":{"line":153,"column":84}},{"start":{"line":154,"column":4},"end":{"line":154,"column":80}}],"line":153},"4":{"loc":{"start":{"line":158,"column":4},"end":{"line":161,"column":5}},"type":"if","locations":[{"start":{"line":158,"column":4},"end":{"line":161,"column":5}},{"start":{},"end":{}}],"line":158},"5":{"loc":{"start":{"line":158,"column":8},"end":{"line":159,"column":80}},"type":"binary-expr","locations":[{"start":{"line":158,"column":8},"end":{"line":158,"column":84}},{"start":{"line":159,"column":4},"end":{"line":159,"column":80}}],"line":158}},"s":{"0":2,"1":17,"2":17,"3":17,"4":17,"5":17,"6":17,"7":1,"8":5,"9":5,"10":5,"11":5,"12":5,"13":5,"14":3,"15":3,"16":3,"17":3,"18":3,"19":3,"20":3,"21":1,"22":1,"23":0,"24":0,"25":0,"26":1,"27":1,"28":1,"29":1,"30":1,"31":1,"32":1,"33":1,"34":1,"35":1,"36":1,"37":1,"38":1,"39":1,"40":1,"41":3,"42":3,"43":1,"44":1,"45":0,"46":2,"47":3,"48":2,"49":1,"50":0,"51":1,"52":2},"f":{"0":17,"1":1,"2":5,"3":3,"4":1,"5":3,"6":1,"7":0,"8":2,"9":3},"b":{"0":[17,17],"1":[0,1],"2":[2,1],"3":[3,3],"4":[0,1],"5":[1,1]},"_coverageSchema":"1a1c01bbd47fc00a2c39e90264f33305004495a9","hash":"c9a521b7ada734bc979ce1aa3efd58c94f14d6ea"}
,"C:\\Users\\Alex\\Desktop\\vteams\\vteam-main\\utility\\simulation\\src\\scooter_events.js": {"path":"C:\\Users\\Alex\\Desktop\\vteams\\vteam-main\\utility\\simulation\\src\\scooter_events.js","statementMap":{"0":{"start":{"line":1,"column":23},"end":{"line":1,"column":59}},"1":{"start":{"line":3,"column":33},"end":{"line":3,"column":37}},"2":{"start":{"line":4,"column":30},"end":{"line":4,"column":35}},"3":{"start":{"line":14,"column":4},"end":{"line":14,"column":32}},"4":{"start":{"line":23,"column":21},"end":{"line":26,"column":29}},"5":{"start":{"line":24,"column":24},"end":{"line":24,"column":123}},"6":{"start":{"line":25,"column":6},"end":{"line":25,"column":37}},"7":{"start":{"line":27,"column":4},"end":{"line":27,"column":31}},"8":{"start":{"line":30,"column":4},"end":{"line":43,"column":7}},"9":{"start":{"line":31,"column":6},"end":{"line":42,"column":7}},"10":{"start":{"line":32,"column":22},"end":{"line":38,"column":36}},"11":{"start":{"line":33,"column":10},"end":{"line":33,"column":42}},"12":{"start":{"line":34,"column":10},"end":{"line":37,"column":11}},"13":{"start":{"line":35,"column":12},"end":{"line":35,"column":39}},"14":{"start":{"line":36,"column":12},"end":{"line":36,"column":38}},"15":{"start":{"line":39,"column":8},"end":{"line":39,"column":93}},"16":{"start":{"line":40,"column":37},"end":{"line":40,"column":135}},"17":{"start":{"line":41,"column":8},"end":{"line":41,"column":50}},"18":{"start":{"line":46,"column":4},"end":{"line":52,"column":7}},"19":{"start":{"line":47,"column":6},"end":{"line":51,"column":7}},"20":{"start":{"line":48,"column":8},"end":{"line":48,"column":58}},"21":{"start":{"line":49,"column":35},"end":{"line":49,"column":133}},"22":{"start":{"line":50,"column":8},"end":{"line":50,"column":48}},"23":{"start":{"line":60,"column":24},"end":{"line":60,"column":48}},"24":{"start":{"line":61,"column":4},"end":{"line":61,"column":55}},"25":{"start":{"line":62,"column":22},"end":{"line":62,"column":101}},"26":{"start":{"line":63,"column":4},"end":{"line":63,"column":35}},"27":{"start":{"line":65,"column":4},"end":{"line":68,"column":5}},"28":{"start":{"line":66,"column":27},"end":{"line":66,"column":103}},"29":{"start":{"line":67,"column":6},"end":{"line":67,"column":40}},"30":{"start":{"line":70,"column":4},"end":{"line":73,"column":5}},"31":{"start":{"line":71,"column":27},"end":{"line":71,"column":104}},"32":{"start":{"line":72,"column":6},"end":{"line":72,"column":40}},"33":{"start":{"line":78,"column":0},"end":{"line":78,"column":35}}},"fnMap":{"0":{"name":"(anonymous_0)","decl":{"start":{"line":13,"column":2},"end":{"line":13,"column":3}},"loc":{"start":{"line":13,"column":29},"end":{"line":15,"column":3}},"line":13},"1":{"name":"(anonymous_1)","decl":{"start":{"line":21,"column":2},"end":{"line":21,"column":3}},"loc":{"start":{"line":21,"column":16},"end":{"line":53,"column":3}},"line":21},"2":{"name":"(anonymous_2)","decl":{"start":{"line":23,"column":33},"end":{"line":23,"column":34}},"loc":{"start":{"line":23,"column":39},"end":{"line":26,"column":5}},"line":23},"3":{"name":"(anonymous_3)","decl":{"start":{"line":30,"column":68},"end":{"line":30,"column":69}},"loc":{"start":{"line":30,"column":75},"end":{"line":43,"column":5}},"line":30},"4":{"name":"(anonymous_4)","decl":{"start":{"line":32,"column":34},"end":{"line":32,"column":35}},"loc":{"start":{"line":32,"column":40},"end":{"line":38,"column":9}},"line":32},"5":{"name":"(anonymous_5)","decl":{"start":{"line":46,"column":68},"end":{"line":46,"column":69}},"loc":{"start":{"line":46,"column":75},"end":{"line":52,"column":5}},"line":46},"6":{"name":"(anonymous_6)","decl":{"start":{"line":59,"column":2},"end":{"line":59,"column":3}},"loc":{"start":{"line":59,"column":29},"end":{"line":74,"column":3}},"line":59}},"branchMap":{"0":{"loc":{"start":{"line":31,"column":6},"end":{"line":42,"column":7}},"type":"if","locations":[{"start":{"line":31,"column":6},"end":{"line":42,"column":7}},{"start":{},"end":{}}],"line":31},"1":{"loc":{"start":{"line":34,"column":10},"end":{"line":37,"column":11}},"type":"if","locations":[{"start":{"line":34,"column":10},"end":{"line":37,"column":11}},{"start":{},"end":{}}],"line":34},"2":{"loc":{"start":{"line":47,"column":6},"end":{"line":51,"column":7}},"type":"if","locations":[{"start":{"line":47,"column":6},"end":{"line":51,"column":7}},{"start":{},"end":{}}],"line":47},"3":{"loc":{"start":{"line":65,"column":4},"end":{"line":68,"column":5}},"type":"if","locations":[{"start":{"line":65,"column":4},"end":{"line":68,"column":5}},{"start":{},"end":{}}],"line":65},"4":{"loc":{"start":{"line":70,"column":4},"end":{"line":73,"column":5}},"type":"if","locations":[{"start":{"line":70,"column":4},"end":{"line":73,"column":5}},{"start":{},"end":{}}],"line":70}},"s":{"0":1,"1":1,"2":1,"3":2,"4":1,"5":0,"6":0,"7":1,"8":1,"9":0,"10":0,"11":0,"12":0,"13":0,"14":0,"15":0,"16":0,"17":0,"18":1,"19":0,"20":0,"21":0,"22":0,"23":1,"24":1,"25":1,"26":1,"27":1,"28":1,"29":1,"30":1,"31":1,"32":1,"33":1},"f":{"0":2,"1":1,"2":0,"3":0,"4":0,"5":0,"6":1},"b":{"0":[0,0],"1":[0,0],"2":[0,0],"3":[1,0],"4":[1,0]},"_coverageSchema":"1a1c01bbd47fc00a2c39e90264f33305004495a9","hash":"8041c42723852a3e9f80d61e8219332ab9715d2b"}
}
