{"C:\\Users\\Alex\\Desktop\\vteams\\vteam-main\\services\\location_service\\models\\locationHandler.js": {"path":"C:\\Users\\Alex\\Desktop\\vteams\\vteam-main\\services\\location_service\\models\\locationHandler.js","statementMap":{"0":{"start":{"line":12,"column":8},"end":{"line":12,"column":28}},"1":{"start":{"line":16,"column":8},"end":{"line":16,"column":19}},"2":{"start":{"line":26,"column":8},"end":{"line":30,"column":9}},"3":{"start":{"line":27,"column":12},"end":{"line":27,"column":42}},"4":{"start":{"line":29,"column":12},"end":{"line":29,"column":25}},"5":{"start":{"line":42,"column":8},"end":{"line":42,"column":61}},"6":{"start":{"line":42,"column":26},"end":{"line":42,"column":61}},"7":{"start":{"line":43,"column":4},"end":{"line":51,"column":5}},"8":{"start":{"line":44,"column":18},"end":{"line":44,"column":30}},"9":{"start":{"line":45,"column":8},"end":{"line":45,"column":27}},"10":{"start":{"line":46,"column":16},"end":{"line":46,"column":70}},"11":{"start":{"line":47,"column":8},"end":{"line":47,"column":16}},"12":{"start":{"line":49,"column":8},"end":{"line":49,"column":26}},"13":{"start":{"line":50,"column":8},"end":{"line":50,"column":21}},"14":{"start":{"line":63,"column":4},"end":{"line":69,"column":5}},"15":{"start":{"line":64,"column":16},"end":{"line":64,"column":59}},"16":{"start":{"line":65,"column":8},"end":{"line":65,"column":17}},"17":{"start":{"line":68,"column":8},"end":{"line":68,"column":21}},"18":{"start":{"line":80,"column":4},"end":{"line":85,"column":5}},"19":{"start":{"line":81,"column":21},"end":{"line":81,"column":64}},"20":{"start":{"line":82,"column":8},"end":{"line":82,"column":21}},"21":{"start":{"line":84,"column":8},"end":{"line":84,"column":21}},"22":{"start":{"line":88,"column":0},"end":{"line":88,"column":33}}},"fnMap":{"0":{"name":"(anonymous_0)","decl":{"start":{"line":11,"column":4},"end":{"line":11,"column":5}},"loc":{"start":{"line":11,"column":17},"end":{"line":13,"column":5}},"line":11},"1":{"name":"(anonymous_1)","decl":{"start":{"line":25,"column":4},"end":{"line":25,"column":5}},"loc":{"start":{"line":25,"column":26},"end":{"line":31,"column":5}},"line":25},"2":{"name":"(anonymous_2)","decl":{"start":{"line":41,"column":4},"end":{"line":41,"column":5}},"loc":{"start":{"line":41,"column":34},"end":{"line":52,"column":5}},"line":41},"3":{"name":"(anonymous_3)","decl":{"start":{"line":62,"column":4},"end":{"line":62,"column":5}},"loc":{"start":{"line":62,"column":34},"end":{"line":70,"column":5}},"line":62},"4":{"name":"(anonymous_4)","decl":{"start":{"line":79,"column":4},"end":{"line":79,"column":5}},"loc":{"start":{"line":79,"column":34},"end":{"line":86,"column":5}},"line":79}},"branchMap":{"0":{"loc":{"start":{"line":42,"column":8},"end":{"line":42,"column":61}},"type":"if","locations":[{"start":{"line":42,"column":8},"end":{"line":42,"column":61}},{"start":{},"end":{}}],"line":42}},"s":{"0":6,"1":6,"2":1,"3":1,"4":0,"5":2,"6":0,"7":1,"8":1,"9":1,"10":1,"11":1,"12":0,"13":0,"14":1,"15":1,"16":1,"17":0,"18":1,"19":1,"20":1,"21":0,"22":1},"f":{"0":6,"1":1,"2":2,"3":1,"4":1},"b":{"0":[0,1]},"_coverageSchema":"1a1c01bbd47fc00a2c39e90264f33305004495a9","hash":"d83986a06c103a3af4f5feb9d83f36e7dd856be4"}
,"C:\\Users\\Alex\\Desktop\\vteams\\vteam-main\\services\\location_service\\models\\ratesHandler.js": {"path":"C:\\Users\\Alex\\Desktop\\vteams\\vteam-main\\services\\location_service\\models\\ratesHandler.js","statementMap":{"0":{"start":{"line":9,"column":8},"end":{"line":9,"column":28}},"1":{"start":{"line":13,"column":8},"end":{"line":13,"column":19}},"2":{"start":{"line":20,"column":8},"end":{"line":25,"column":9}},"3":{"start":{"line":21,"column":36},"end":{"line":21,"column":61}},"4":{"start":{"line":22,"column":12},"end":{"line":22,"column":35}},"5":{"start":{"line":24,"column":12},"end":{"line":24,"column":25}},"6":{"start":{"line":38,"column":8},"end":{"line":38,"column":54}},"7":{"start":{"line":38,"column":19},"end":{"line":38,"column":54}},"8":{"start":{"line":39,"column":8},"end":{"line":43,"column":9}},"9":{"start":{"line":40,"column":12},"end":{"line":40,"column":73}},"10":{"start":{"line":42,"column":12},"end":{"line":42,"column":25}},"11":{"start":{"line":54,"column":8},"end":{"line":58,"column":9}},"12":{"start":{"line":55,"column":12},"end":{"line":55,"column":53}},"13":{"start":{"line":57,"column":12},"end":{"line":57,"column":25}},"14":{"start":{"line":70,"column":8},"end":{"line":70,"column":54}},"15":{"start":{"line":70,"column":19},"end":{"line":70,"column":54}},"16":{"start":{"line":71,"column":8},"end":{"line":75,"column":9}},"17":{"start":{"line":72,"column":12},"end":{"line":72,"column":64}},"18":{"start":{"line":74,"column":12},"end":{"line":74,"column":25}},"19":{"start":{"line":78,"column":0},"end":{"line":78,"column":30}}},"fnMap":{"0":{"name":"(anonymous_0)","decl":{"start":{"line":8,"column":4},"end":{"line":8,"column":5}},"loc":{"start":{"line":8,"column":17},"end":{"line":10,"column":5}},"line":8},"1":{"name":"(anonymous_1)","decl":{"start":{"line":19,"column":4},"end":{"line":19,"column":5}},"loc":{"start":{"line":19,"column":27},"end":{"line":26,"column":5}},"line":19},"2":{"name":"(anonymous_2)","decl":{"start":{"line":37,"column":4},"end":{"line":37,"column":5}},"loc":{"start":{"line":37,"column":31},"end":{"line":44,"column":9}},"line":37},"3":{"name":"(anonymous_3)","decl":{"start":{"line":53,"column":4},"end":{"line":53,"column":5}},"loc":{"start":{"line":53,"column":30},"end":{"line":59,"column":5}},"line":53},"4":{"name":"(anonymous_4)","decl":{"start":{"line":69,"column":4},"end":{"line":69,"column":5}},"loc":{"start":{"line":69,"column":31},"end":{"line":76,"column":5}},"line":69}},"branchMap":{"0":{"loc":{"start":{"line":38,"column":8},"end":{"line":38,"column":54}},"type":"if","locations":[{"start":{"line":38,"column":8},"end":{"line":38,"column":54}},{"start":{},"end":{}}],"line":38},"1":{"loc":{"start":{"line":70,"column":8},"end":{"line":70,"column":54}},"type":"if","locations":[{"start":{"line":70,"column":8},"end":{"line":70,"column":54}},{"start":{},"end":{}}],"line":70}},"s":{"0":6,"1":6,"2":1,"3":1,"4":1,"5":0,"6":2,"7":1,"8":1,"9":1,"10":0,"11":1,"12":1,"13":0,"14":2,"15":1,"16":1,"17":1,"18":0,"19":1},"f":{"0":6,"1":1,"2":2,"3":1,"4":2},"b":{"0":[1,1],"1":[1,1]},"_coverageSchema":"1a1c01bbd47fc00a2c39e90264f33305004495a9","hash":"e74608a8f073b2b7d126ef6e867519083b828038"}
,"C:\\Users\\Alex\\Desktop\\vteams\\vteam-main\\services\\scooter_service\\src\\fleet_handler.js": {"path":"C:\\Users\\Alex\\Desktop\\vteams\\vteam-main\\services\\scooter_service\\src\\fleet_handler.js","statementMap":{"0":{"start":{"line":10,"column":4},"end":{"line":10,"column":27}},"1":{"start":{"line":11,"column":4},"end":{"line":11,"column":37}},"2":{"start":{"line":22,"column":19},"end":{"line":22,"column":21}},"3":{"start":{"line":24,"column":4},"end":{"line":34,"column":5}},"4":{"start":{"line":25,"column":6},"end":{"line":25,"column":31}},"5":{"start":{"line":27,"column":22},"end":{"line":27,"column":72}},"6":{"start":{"line":28,"column":6},"end":{"line":31,"column":7}},"7":{"start":{"line":30,"column":8},"end":{"line":30,"column":18}},"8":{"start":{"line":33,"column":6},"end":{"line":33,"column":21}},"9":{"start":{"line":36,"column":4},"end":{"line":38,"column":5}},"10":{"start":{"line":37,"column":6},"end":{"line":37,"column":55}},"11":{"start":{"line":40,"column":4},"end":{"line":40,"column":59}},"12":{"start":{"line":53,"column":23},"end":{"line":64,"column":5}},"13":{"start":{"line":66,"column":4},"end":{"line":66,"column":61}},"14":{"start":{"line":68,"column":4},"end":{"line":68,"column":22}},"15":{"start":{"line":78,"column":24},"end":{"line":78,"column":25}},"16":{"start":{"line":80,"column":4},"end":{"line":93,"column":5}},"17":{"start":{"line":81,"column":18},"end":{"line":83,"column":7}},"18":{"start":{"line":85,"column":30},"end":{"line":85,"column":65}},"19":{"start":{"line":87,"column":6},"end":{"line":87,"column":33}},"20":{"start":{"line":89,"column":23},"end":{"line":89,"column":89}},"21":{"start":{"line":90,"column":6},"end":{"line":92,"column":7}},"22":{"start":{"line":91,"column":8},"end":{"line":91,"column":24}},"23":{"start":{"line":95,"column":4},"end":{"line":95,"column":54}},"24":{"start":{"line":109,"column":15},"end":{"line":109,"column":17}},"25":{"start":{"line":110,"column":19},"end":{"line":110,"column":21}},"26":{"start":{"line":112,"column":4},"end":{"line":114,"column":5}},"27":{"start":{"line":113,"column":6},"end":{"line":113,"column":34}},"28":{"start":{"line":116,"column":4},"end":{"line":118,"column":5}},"29":{"start":{"line":117,"column":6},"end":{"line":117,"column":44}},"30":{"start":{"line":120,"column":4},"end":{"line":122,"column":5}},"31":{"start":{"line":121,"column":6},"end":{"line":121,"column":62}},"32":{"start":{"line":124,"column":4},"end":{"line":126,"column":5}},"33":{"start":{"line":125,"column":6},"end":{"line":125,"column":52}},"34":{"start":{"line":128,"column":4},"end":{"line":130,"column":5}},"35":{"start":{"line":129,"column":6},"end":{"line":129,"column":52}},"36":{"start":{"line":132,"column":4},"end":{"line":132,"column":61}},"37":{"start":{"line":134,"column":4},"end":{"line":134,"column":62}},"38":{"start":{"line":144,"column":27},"end":{"line":144,"column":73}},"39":{"start":{"line":145,"column":4},"end":{"line":145,"column":53}},"40":{"start":{"line":146,"column":4},"end":{"line":146,"column":26}},"41":{"start":{"line":152,"column":0},"end":{"line":152,"column":34}}},"fnMap":{"0":{"name":"(anonymous_0)","decl":{"start":{"line":9,"column":2},"end":{"line":9,"column":3}},"loc":{"start":{"line":9,"column":28},"end":{"line":12,"column":3}},"line":9},"1":{"name":"(anonymous_1)","decl":{"start":{"line":21,"column":2},"end":{"line":21,"column":3}},"loc":{"start":{"line":21,"column":34},"end":{"line":42,"column":3}},"line":21},"2":{"name":"(anonymous_2)","decl":{"start":{"line":52,"column":2},"end":{"line":52,"column":3}},"loc":{"start":{"line":52,"column":35},"end":{"line":70,"column":3}},"line":52},"3":{"name":"(anonymous_3)","decl":{"start":{"line":77,"column":2},"end":{"line":77,"column":3}},"loc":{"start":{"line":77,"column":33},"end":{"line":96,"column":3}},"line":77},"4":{"name":"(anonymous_4)","decl":{"start":{"line":108,"column":2},"end":{"line":108,"column":3}},"loc":{"start":{"line":108,"column":38},"end":{"line":136,"column":3}},"line":108},"5":{"name":"(anonymous_5)","decl":{"start":{"line":143,"column":2},"end":{"line":143,"column":3}},"loc":{"start":{"line":143,"column":26},"end":{"line":147,"column":3}},"line":143}},"branchMap":{"0":{"loc":{"start":{"line":21,"column":20},"end":{"line":21,"column":32}},"type":"default-arg","locations":[{"start":{"line":21,"column":30},"end":{"line":21,"column":32}}],"line":21},"1":{"loc":{"start":{"line":24,"column":4},"end":{"line":34,"column":5}},"type":"if","locations":[{"start":{"line":24,"column":4},"end":{"line":34,"column":5}},{"start":{},"end":{}}],"line":24},"2":{"loc":{"start":{"line":28,"column":6},"end":{"line":31,"column":7}},"type":"if","locations":[{"start":{"line":28,"column":6},"end":{"line":31,"column":7}},{"start":{},"end":{}}],"line":28},"3":{"loc":{"start":{"line":36,"column":4},"end":{"line":38,"column":5}},"type":"if","locations":[{"start":{"line":36,"column":4},"end":{"line":38,"column":5}},{"start":{},"end":{}}],"line":36},"4":{"loc":{"start":{"line":90,"column":6},"end":{"line":92,"column":7}},"type":"if","locations":[{"start":{"line":90,"column":6},"end":{"line":92,"column":7}},{"start":{},"end":{}}],"line":90},"5":{"loc":{"start":{"line":112,"column":4},"end":{"line":114,"column":5}},"type":"if","locations":[{"start":{"line":112,"column":4},"end":{"line":114,"column":5}},{"start":{},"end":{}}],"line":112},"6":{"loc":{"start":{"line":116,"column":4},"end":{"line":118,"column":5}},"type":"if","locations":[{"start":{"line":116,"column":4},"end":{"line":118,"column":5}},{"start":{},"end":{}}],"line":116},"7":{"loc":{"start":{"line":120,"column":4},"end":{"line":122,"column":5}},"type":"if","locations":[{"start":{"line":120,"column":4},"end":{"line":122,"column":5}},{"start":{},"end":{}}],"line":120},"8":{"loc":{"start":{"line":124,"column":4},"end":{"line":126,"column":5}},"type":"if","locations":[{"start":{"line":124,"column":4},"end":{"line":126,"column":5}},{"start":{},"end":{}}],"line":124},"9":{"loc":{"start":{"line":128,"column":4},"end":{"line":130,"column":5}},"type":"if","locations":[{"start":{"line":128,"column":4},"end":{"line":130,"column":5}},{"start":{},"end":{}}],"line":128}},"s":{"0":8,"1":8,"2":4,"3":4,"4":2,"5":2,"6":2,"7":1,"8":1,"9":2,"10":1,"11":2,"12":1,"13":1,"14":1,"15":1,"16":1,"17":3,"18":3,"19":3,"20":3,"21":3,"22":3,"23":1,"24":1,"25":1,"26":1,"27":1,"28":1,"29":1,"30":1,"31":1,"32":1,"33":1,"34":1,"35":1,"36":1,"37":1,"38":1,"39":1,"40":1,"41":1},"f":{"0":8,"1":4,"2":1,"3":1,"4":1,"5":1},"b":{"0":[1],"1":[2,2],"2":[1,1],"3":[1,1],"4":[3,0],"5":[1,0],"6":[1,0],"7":[1,0],"8":[1,0],"9":[1,0]},"_coverageSchema":"1a1c01bbd47fc00a2c39e90264f33305004495a9","hash":"8127a4e979eb53387eee6695eb8494f98080fc1a"}
,"C:\\Users\\Alex\\Desktop\\vteams\\vteam-main\\services\\scooter_service\\src\\scooter_handler.js": {"path":"C:\\Users\\Alex\\Desktop\\vteams\\vteam-main\\services\\scooter_service\\src\\scooter_handler.js","statementMap":{"0":{"start":{"line":11,"column":4},"end":{"line":11,"column":23}},"1":{"start":{"line":12,"column":4},"end":{"line":15,"column":5}},"2":{"start":{"line":13,"column":6},"end":{"line":13,"column":43}},"3":{"start":{"line":14,"column":6},"end":{"line":14,"column":34}},"4":{"start":{"line":23,"column":4},"end":{"line":23,"column":35}},"5":{"start":{"line":31,"column":4},"end":{"line":31,"column":25}},"6":{"start":{"line":41,"column":4},"end":{"line":46,"column":5}},"7":{"start":{"line":41,"column":17},"end":{"line":41,"column":18}},"8":{"start":{"line":42,"column":6},"end":{"line":45,"column":7}},"9":{"start":{"line":43,"column":8},"end":{"line":43,"column":43}},"10":{"start":{"line":44,"column":8},"end":{"line":44,"column":20}},"11":{"start":{"line":48,"column":4},"end":{"line":48,"column":72}},"12":{"start":{"line":57,"column":4},"end":{"line":62,"column":5}},"13":{"start":{"line":57,"column":17},"end":{"line":57,"column":18}},"14":{"start":{"line":58,"column":6},"end":{"line":61,"column":7}},"15":{"start":{"line":59,"column":8},"end":{"line":59,"column":35}},"16":{"start":{"line":60,"column":8},"end":{"line":60,"column":20}},"17":{"start":{"line":64,"column":4},"end":{"line":64,"column":72}},"18":{"start":{"line":75,"column":4},"end":{"line":81,"column":5}},"19":{"start":{"line":76,"column":6},"end":{"line":80,"column":7}},"20":{"start":{"line":77,"column":8},"end":{"line":77,"column":35}},"21":{"start":{"line":78,"column":8},"end":{"line":78,"column":32}},"22":{"start":{"line":79,"column":8},"end":{"line":79,"column":23}},"23":{"start":{"line":83,"column":4},"end":{"line":83,"column":62}},"24":{"start":{"line":93,"column":4},"end":{"line":100,"column":5}},"25":{"start":{"line":94,"column":6},"end":{"line":99,"column":7}},"26":{"start":{"line":95,"column":8},"end":{"line":95,"column":48}},"27":{"start":{"line":96,"column":8},"end":{"line":96,"column":48}},"28":{"start":{"line":97,"column":8},"end":{"line":97,"column":54}},"29":{"start":{"line":98,"column":8},"end":{"line":98,"column":23}},"30":{"start":{"line":102,"column":4},"end":{"line":102,"column":72}},"31":{"start":{"line":112,"column":4},"end":{"line":118,"column":5}},"32":{"start":{"line":113,"column":6},"end":{"line":117,"column":7}},"33":{"start":{"line":114,"column":8},"end":{"line":114,"column":37}},"34":{"start":{"line":115,"column":8},"end":{"line":115,"column":27}},"35":{"start":{"line":116,"column":8},"end":{"line":116,"column":23}},"36":{"start":{"line":120,"column":4},"end":{"line":120,"column":62}},"37":{"start":{"line":130,"column":4},"end":{"line":137,"column":5}},"38":{"start":{"line":131,"column":6},"end":{"line":136,"column":7}},"39":{"start":{"line":132,"column":8},"end":{"line":132,"column":46}},"40":{"start":{"line":133,"column":8},"end":{"line":133,"column":46}},"41":{"start":{"line":134,"column":8},"end":{"line":134,"column":52}},"42":{"start":{"line":135,"column":8},"end":{"line":135,"column":23}},"43":{"start":{"line":139,"column":4},"end":{"line":139,"column":70}},"44":{"start":{"line":148,"column":4},"end":{"line":155,"column":5}},"45":{"start":{"line":149,"column":6},"end":{"line":154,"column":7}},"46":{"start":{"line":150,"column":8},"end":{"line":150,"column":65}},"47":{"start":{"line":151,"column":8},"end":{"line":151,"column":65}},"48":{"start":{"line":152,"column":8},"end":{"line":152,"column":111}},"49":{"start":{"line":153,"column":8},"end":{"line":153,"column":20}},"50":{"start":{"line":157,"column":4},"end":{"line":157,"column":73}},"51":{"start":{"line":162,"column":0},"end":{"line":162,"column":36}}},"fnMap":{"0":{"name":"(anonymous_0)","decl":{"start":{"line":10,"column":2},"end":{"line":10,"column":3}},"loc":{"start":{"line":10,"column":24},"end":{"line":16,"column":3}},"line":10},"1":{"name":"(anonymous_1)","decl":{"start":{"line":22,"column":2},"end":{"line":22,"column":3}},"loc":{"start":{"line":22,"column":31},"end":{"line":24,"column":3}},"line":22},"2":{"name":"(anonymous_2)","decl":{"start":{"line":30,"column":2},"end":{"line":30,"column":3}},"loc":{"start":{"line":30,"column":19},"end":{"line":32,"column":3}},"line":30},"3":{"name":"(anonymous_3)","decl":{"start":{"line":40,"column":2},"end":{"line":40,"column":3}},"loc":{"start":{"line":40,"column":39},"end":{"line":49,"column":3}},"line":40},"4":{"name":"(anonymous_4)","decl":{"start":{"line":56,"column":2},"end":{"line":56,"column":3}},"loc":{"start":{"line":56,"column":39},"end":{"line":65,"column":3}},"line":56},"5":{"name":"(anonymous_5)","decl":{"start":{"line":74,"column":2},"end":{"line":74,"column":3}},"loc":{"start":{"line":74,"column":35},"end":{"line":84,"column":3}},"line":74},"6":{"name":"(anonymous_6)","decl":{"start":{"line":92,"column":2},"end":{"line":92,"column":3}},"loc":{"start":{"line":92,"column":35},"end":{"line":103,"column":3}},"line":92},"7":{"name":"(anonymous_7)","decl":{"start":{"line":111,"column":2},"end":{"line":111,"column":3}},"loc":{"start":{"line":111,"column":25},"end":{"line":121,"column":3}},"line":111},"8":{"name":"(anonymous_8)","decl":{"start":{"line":129,"column":2},"end":{"line":129,"column":3}},"loc":{"start":{"line":129,"column":31},"end":{"line":140,"column":3}},"line":129},"9":{"name":"(anonymous_9)","decl":{"start":{"line":147,"column":2},"end":{"line":147,"column":3}},"loc":{"start":{"line":147,"column":42},"end":{"line":158,"column":3}},"line":147}},"branchMap":{"0":{"loc":{"start":{"line":42,"column":6},"end":{"line":45,"column":7}},"type":"if","locations":[{"start":{"line":42,"column":6},"end":{"line":45,"column":7}},{"start":{},"end":{}}],"line":42},"1":{"loc":{"start":{"line":58,"column":6},"end":{"line":61,"column":7}},"type":"if","locations":[{"start":{"line":58,"column":6},"end":{"line":61,"column":7}},{"start":{},"end":{}}],"line":58},"2":{"loc":{"start":{"line":76,"column":6},"end":{"line":80,"column":7}},"type":"if","locations":[{"start":{"line":76,"column":6},"end":{"line":80,"column":7}},{"start":{},"end":{}}],"line":76},"3":{"loc":{"start":{"line":94,"column":6},"end":{"line":99,"column":7}},"type":"if","locations":[{"start":{"line":94,"column":6},"end":{"line":99,"column":7}},{"start":{},"end":{}}],"line":94},"4":{"loc":{"start":{"line":113,"column":6},"end":{"line":117,"column":7}},"type":"if","locations":[{"start":{"line":113,"column":6},"end":{"line":117,"column":7}},{"start":{},"end":{}}],"line":113},"5":{"loc":{"start":{"line":131,"column":6},"end":{"line":136,"column":7}},"type":"if","locations":[{"start":{"line":131,"column":6},"end":{"line":136,"column":7}},{"start":{},"end":{}}],"line":131},"6":{"loc":{"start":{"line":149,"column":6},"end":{"line":154,"column":7}},"type":"if","locations":[{"start":{"line":149,"column":6},"end":{"line":154,"column":7}},{"start":{},"end":{}}],"line":149}},"s":{"0":18,"1":18,"2":54,"3":54,"4":1,"5":1,"6":2,"7":2,"8":4,"9":1,"10":1,"11":1,"12":2,"13":2,"14":5,"15":1,"16":1,"17":1,"18":2,"19":4,"20":1,"21":1,"22":1,"23":1,"24":2,"25":4,"26":1,"27":1,"28":1,"29":1,"30":1,"31":2,"32":4,"33":1,"34":1,"35":1,"36":1,"37":2,"38":4,"39":1,"40":1,"41":1,"42":1,"43":1,"44":2,"45":4,"46":1,"47":1,"48":1,"49":1,"50":1,"51":1},"f":{"0":18,"1":1,"2":1,"3":2,"4":2,"5":2,"6":2,"7":2,"8":2,"9":2},"b":{"0":[1,3],"1":[1,4],"2":[1,3],"3":[1,3],"4":[1,3],"5":[1,3],"6":[1,3]},"_coverageSchema":"1a1c01bbd47fc00a2c39e90264f33305004495a9","hash":"b92e7d4a8b3b62c911eed69fdceb13d9cedb0f9a"}
}
