TN:
SF:services\location_service\models\locationHandler.js
FN:7,(anonymous_0)
FN:21,(anonymous_1)
FN:37,(anonymous_2)
FN:57,(anonymous_3)
FN:74,(anonymous_4)
FNF:5
FNH:5
FNDA:8,(anonymous_0)
FNDA:2,(anonymous_1)
FNDA:2,(anonymous_2)
FNDA:2,(anonymous_3)
FNDA:2,(anonymous_4)
DA:8,8
DA:12,8
DA:22,2
DA:23,2
DA:25,1
DA:38,2
DA:39,1
DA:40,1
DA:41,1
DA:42,1
DA:43,1
DA:45,0
DA:58,2
DA:59,2
DA:60,1
DA:62,1
DA:75,2
DA:76,2
DA:77,1
DA:79,1
DA:83,1
LF:21
LH:20
BRDA:38,0,0,0
BRDA:38,0,1,1
BRF:2
BRH:1
end_of_record
TN:
SF:services\location_service\models\ratesHandler.js
FN:7,(anonymous_0)
FN:18,(anonymous_1)
FN:36,(anonymous_2)
FN:52,(anonymous_3)
FN:69,(anonymous_4)
FNF:5
FNH:5
FNDA:7,(anonymous_0)
FNDA:1,(anonymous_1)
FNDA:2,(anonymous_2)
FNDA:2,(anonymous_3)
FNDA:2,(anonymous_4)
DA:8,7
DA:12,7
DA:19,1
DA:20,1
DA:21,1
DA:23,0
DA:37,2
DA:38,1
DA:39,1
DA:41,0
DA:53,2
DA:54,1
DA:55,1
DA:57,0
DA:70,2
DA:71,1
DA:72,1
DA:74,0
DA:78,1
LF:19
LH:15
BRDA:37,0,0,1
BRDA:37,0,1,1
BRDA:53,1,0,1
BRDA:53,1,1,1
BRDA:70,2,0,1
BRDA:70,2,1,1
BRF:6
BRH:6
end_of_record
TN:
SF:services\payment_service\invoice_handler.js
FN:10,(anonymous_0)
FN:33,(anonymous_1)
FN:44,(anonymous_2)
FN:54,(anonymous_3)
FN:64,(anonymous_4)
FN:86,(anonymous_5)
FN:107,(anonymous_6)
FNF:7
FNH:7
FNDA:1,(anonymous_0)
FNDA:2,(anonymous_1)
FNDA:3,(anonymous_2)
FNDA:9,(anonymous_3)
FNDA:1,(anonymous_4)
FNDA:1,(anonymous_5)
FNDA:1,(anonymous_6)
DA:11,1
DA:21,1
DA:22,1
DA:23,1
DA:24,0
DA:34,2
DA:35,2
DA:45,3
DA:46,3
DA:55,9
DA:56,9
DA:65,1
DA:77,1
DA:78,1
DA:87,1
DA:88,1
DA:99,1
DA:108,1
DA:110,1
DA:111,1
DA:112,1
DA:115,1
DA:120,1
DA:122,1
DA:123,1
DA:128,1
LF:26
LH:25
BRDA:20,0,0,1
BRDA:23,1,0,0
BRDA:23,1,1,1
BRF:3
BRH:2
end_of_record
TN:
SF:services\scooter_service\src\fleet_handler.js
FN:9,(anonymous_0)
FN:21,(anonymous_1)
FN:50,(anonymous_2)
FN:74,(anonymous_3)
FN:105,(anonymous_4)
FN:143,(anonymous_5)
FNF:6
FNH:6
FNDA:8,(anonymous_0)
FNDA:4,(anonymous_1)
FNDA:1,(anonymous_2)
FNDA:1,(anonymous_3)
FNDA:1,(anonymous_4)
FNDA:1,(anonymous_5)
DA:10,8
DA:11,8
DA:22,4
DA:24,4
DA:25,2
DA:27,2
DA:28,2
DA:29,1
DA:32,1
DA:35,2
DA:36,1
DA:39,2
DA:51,1
DA:64,1
DA:66,1
DA:75,1
DA:77,1
DA:78,3
DA:82,3
DA:84,3
DA:86,3
DA:87,3
DA:88,3
DA:92,1
DA:106,1
DA:107,1
DA:109,1
DA:110,1
DA:113,1
DA:114,1
DA:117,1
DA:118,1
DA:121,1
DA:122,1
DA:125,1
DA:126,1
DA:129,1
DA:130,0
DA:133,1
DA:135,1
DA:144,1
DA:145,1
DA:146,1
DA:150,1
LF:44
LH:43
BRDA:21,0,0,1
BRDA:24,1,0,2
BRDA:24,1,1,2
BRDA:28,2,0,1
BRDA:28,2,1,1
BRDA:35,3,0,1
BRDA:35,3,1,1
BRDA:87,4,0,3
BRDA:87,4,1,0
BRDA:109,5,0,1
BRDA:109,5,1,0
BRDA:113,6,0,1
BRDA:113,6,1,0
BRDA:117,7,0,1
BRDA:117,7,1,0
BRDA:121,8,0,1
BRDA:121,8,1,0
BRDA:125,9,0,1
BRDA:125,9,1,0
BRDA:129,10,0,0
BRDA:129,10,1,1
BRF:21
BRH:14
end_of_record
TN:
SF:services\scooter_service\src\scooter_handler.js
FN:10,(anonymous_0)
FN:24,(anonymous_1)
FN:32,(anonymous_2)
FN:42,(anonymous_3)
FN:53,(anonymous_4)
FN:73,(anonymous_5)
FN:91,(anonymous_6)
FN:109,(anonymous_7)
FN:128,(anonymous_8)
FN:156,(anonymous_9)
FN:175,(anonymous_10)
FNF:11
FNH:9
FNDA:18,(anonymous_0)
FNDA:2,(anonymous_1)
FNDA:1,(anonymous_2)
FNDA:2,(anonymous_3)
FNDA:0,(anonymous_4)
FNDA:2,(anonymous_5)
FNDA:2,(anonymous_6)
FNDA:2,(anonymous_7)
FNDA:2,(anonymous_8)
FNDA:2,(anonymous_9)
FNDA:0,(anonymous_10)
DA:11,18
DA:12,18
DA:13,54
DA:14,54
DA:17,18
DA:25,2
DA:33,1
DA:43,2
DA:44,4
DA:45,1
DA:46,1
DA:50,1
DA:54,0
DA:56,0
DA:57,0
DA:58,0
DA:59,0
DA:63,0
DA:64,0
DA:74,2
DA:75,5
DA:76,1
DA:77,1
DA:81,1
DA:92,2
DA:93,4
DA:94,1
DA:95,1
DA:96,1
DA:100,1
DA:110,2
DA:111,4
DA:112,1
DA:113,1
DA:114,1
DA:115,1
DA:119,1
DA:129,2
DA:130,4
DA:132,1
DA:133,1
DA:135,1
DA:136,0
DA:137,0
DA:138,0
DA:139,0
DA:143,1
DA:147,1
DA:157,2
DA:158,4
DA:159,1
DA:160,1
DA:161,1
DA:162,1
DA:163,1
DA:167,1
DA:176,0
DA:177,0
DA:178,0
DA:179,0
DA:180,0
DA:181,0
DA:182,0
DA:183,0
DA:187,0
DA:191,1
LF:66
LH:46
BRDA:44,0,0,1
BRDA:44,0,1,3
BRDA:57,1,0,0
BRDA:57,1,1,0
BRDA:63,2,0,0
BRDA:63,2,1,0
BRDA:75,3,0,1
BRDA:75,3,1,4
BRDA:93,4,0,1
BRDA:93,4,1,3
BRDA:111,5,0,1
BRDA:111,5,1,3
BRDA:130,6,0,1
BRDA:130,6,1,3
BRDA:136,7,0,0
BRDA:136,7,1,0
BRDA:158,8,0,1
BRDA:158,8,1,3
BRDA:177,9,0,0
BRDA:177,9,1,0
BRF:20
BRH:12
end_of_record
TN:
SF:services\user_service\models\userHandler.js
FN:9,(anonymous_0)
FN:19,(anonymous_1)
FN:32,(anonymous_2)
FN:46,(anonymous_3)
FN:60,(anonymous_4)
FN:83,(anonymous_5)
FNF:6
FNH:6
FNDA:5,(anonymous_0)
FNDA:2,(anonymous_1)
FNDA:1,(anonymous_2)
FNDA:1,(anonymous_3)
FNDA:1,(anonymous_4)
FNDA:1,(anonymous_5)
DA:10,5
DA:11,5
DA:20,2
DA:21,2
DA:22,2
DA:24,0
DA:33,1
DA:34,1
DA:35,1
DA:37,0
DA:47,1
DA:48,1
DA:49,1
DA:51,0
DA:61,1
DA:63,1
DA:65,1
DA:67,1
DA:72,1
DA:74,0
DA:84,1
DA:85,1
DA:86,1
DA:87,1
DA:89,0
DA:94,1
LF:26
LH:21
BRF:0
BRH:0
end_of_record
TN:
SF:shared\mq.js
FN:17,(anonymous_0)
FN:39,(anonymous_1)
FN:51,(anonymous_2)
FN:64,(anonymous_3)
FN:68,(anonymous_4)
FN:78,(anonymous_5)
FN:87,(anonymous_6)
FN:91,(anonymous_7)
FN:92,(anonymous_8)
FN:97,(anonymous_9)
FN:106,(anonymous_10)
FN:108,(anonymous_11)
FN:109,(anonymous_12)
FN:120,(anonymous_13)
FN:123,(anonymous_14)
FN:141,(anonymous_15)
FN:145,(anonymous_16)
FNF:17
FNH:16
FNDA:8,(anonymous_0)
FNDA:0,(anonymous_1)
FNDA:1,(anonymous_2)
FNDA:1,(anonymous_3)
FNDA:1,(anonymous_4)
FNDA:3,(anonymous_5)
FNDA:1,(anonymous_6)
FNDA:7,(anonymous_7)
FNDA:53,(anonymous_8)
FNDA:1,(anonymous_9)
FNDA:1,(anonymous_10)
FNDA:7,(anonymous_11)
FNDA:53,(anonymous_12)
FNDA:1,(anonymous_13)
FNDA:1,(anonymous_14)
FNDA:1,(anonymous_15)
FNDA:1,(anonymous_16)
DA:1,1
DA:2,1
DA:18,8
DA:28,8
DA:29,8
DA:30,8
DA:31,8
DA:32,8
DA:40,0
DA:52,1
DA:65,1
DA:66,1
DA:67,1
DA:68,1
DA:69,1
DA:79,3
DA:80,3
DA:88,1
DA:89,1
DA:91,1
DA:92,7
DA:93,53
DA:97,1
DA:98,1
DA:107,1
DA:108,1
DA:109,7
DA:110,53
DA:121,1
DA:122,1
DA:123,1
DA:124,1
DA:125,1
DA:129,1
DA:142,1
DA:143,1
DA:145,1
DA:147,1
DA:148,1
DA:151,1
DA:156,1
LF:41
LH:40
BRDA:124,0,0,1
BRDA:124,0,1,0
BRF:2
BRH:1
end_of_record
TN:
SF:shared\resources.js
FNF:0
FNH:0
DA:1,3
DA:3,3
DA:73,3
DA:94,3
LF:4
LH:4
BRF:0
BRH:0
end_of_record
TN:
SF:utility\simulation\src\scooter.js
FN:19,(anonymous_0)
FN:33,(anonymous_1)
FN:44,(anonymous_2)
FN:62,(anonymous_3)
FN:84,(anonymous_4)
FN:127,(anonymous_5)
FN:135,(anonymous_6)
FN:144,(anonymous_7)
FN:152,(anonymous_8)
FN:160,(anonymous_9)
FNF:10
FNH:9
FNDA:17,(anonymous_0)
FNDA:1,(anonymous_1)
FNDA:5,(anonymous_2)
FNDA:3,(anonymous_3)
FNDA:1,(anonymous_4)
FNDA:3,(anonymous_5)
FNDA:1,(anonymous_6)
FNDA:0,(anonymous_7)
FNDA:2,(anonymous_8)
FNDA:3,(anonymous_9)
DA:1,2
DA:20,17
DA:21,17
DA:23,17
DA:24,17
DA:25,17
DA:26,17
DA:34,1
DA:45,5
DA:46,5
DA:47,5
DA:48,5
DA:53,5
DA:54,5
DA:63,3
DA:64,3
DA:73,3
DA:74,3
DA:75,3
DA:77,3
DA:78,3
DA:85,1
DA:88,1
DA:89,0
DA:90,0
DA:91,0
DA:95,1
DA:97,1
DA:98,1
DA:100,1
DA:101,1
DA:103,1
DA:104,1
DA:106,1
DA:107,1
DA:110,1
DA:111,1
DA:113,1
DA:116,1
DA:117,1
DA:119,1
DA:128,3
DA:129,3
DA:136,1
DA:137,1
DA:145,0
DA:153,2
DA:161,3
DA:163,2
DA:166,1
DA:168,0
DA:171,1
DA:175,2
LF:53
LH:48
BRDA:21,0,0,17
BRDA:21,0,1,17
BRDA:88,1,0,0
BRDA:88,1,1,1
BRDA:161,2,0,2
BRDA:161,2,1,1
BRDA:161,3,0,3
BRDA:161,3,1,3
BRDA:166,4,0,0
BRDA:166,4,1,1
BRDA:166,5,0,1
BRDA:166,5,1,1
BRF:12
BRH:10
end_of_record
TN:
SF:utility\simulation\src\scooter_events.js
FN:13,(anonymous_0)
FN:21,(anonymous_1)
FN:23,(anonymous_2)
FN:30,(anonymous_3)
FN:32,(anonymous_4)
FN:46,(anonymous_5)
FN:59,(anonymous_6)
FNF:7
FNH:3
FNDA:2,(anonymous_0)
FNDA:1,(anonymous_1)
FNDA:0,(anonymous_2)
FNDA:0,(anonymous_3)
FNDA:0,(anonymous_4)
FNDA:0,(anonymous_5)
FNDA:1,(anonymous_6)
DA:1,1
DA:3,1
DA:4,1
DA:14,2
DA:23,1
DA:24,0
DA:25,0
DA:27,1
DA:30,1
DA:31,0
DA:32,0
DA:33,0
DA:34,0
DA:35,0
DA:36,0
DA:39,0
DA:40,0
DA:41,0
DA:46,1
DA:47,0
DA:48,0
DA:49,0
DA:50,0
DA:60,1
DA:61,1
DA:62,1
DA:63,1
DA:65,1
DA:66,0
DA:67,0
DA:70,1
DA:71,1
DA:72,1
DA:78,1
LF:34
LH:17
BRDA:31,0,0,0
BRDA:31,0,1,0
BRDA:34,1,0,0
BRDA:34,1,1,0
BRDA:47,2,0,0
BRDA:47,2,1,0
BRDA:65,3,0,0
BRDA:65,3,1,1
BRDA:70,4,0,1
BRDA:70,4,1,0
BRF:10
BRH:2
end_of_record
