TN:
SF:services\location_service\models\locationHandler.js
FN:11,(anonymous_0)
FN:25,(anonymous_1)
FN:41,(anonymous_2)
FN:62,(anonymous_3)
FN:79,(anonymous_4)
FNF:5
FNH:5
FNDA:6,(anonymous_0)
FNDA:1,(anonymous_1)
FNDA:2,(anonymous_2)
FNDA:1,(anonymous_3)
FNDA:1,(anonymous_4)
DA:12,6
DA:16,6
DA:26,1
DA:27,1
DA:29,0
DA:42,2
DA:43,1
DA:44,1
DA:45,1
DA:46,1
DA:47,1
DA:49,0
DA:50,0
DA:63,1
DA:64,1
DA:65,1
DA:68,0
DA:80,1
DA:81,1
DA:82,1
DA:84,0
DA:88,1
LF:22
LH:17
BRDA:42,0,0,0
BRDA:42,0,1,1
BRF:2
BRH:1
end_of_record
TN:
SF:services\location_service\models\ratesHandler.js
FN:8,(anonymous_0)
FN:19,(anonymous_1)
FN:37,(anonymous_2)
FN:53,(anonymous_3)
FN:69,(anonymous_4)
FNF:5
FNH:5
FNDA:6,(anonymous_0)
FNDA:1,(anonymous_1)
FNDA:2,(anonymous_2)
FNDA:1,(anonymous_3)
FNDA:2,(anonymous_4)
DA:9,6
DA:13,6
DA:20,1
DA:21,1
DA:22,1
DA:24,0
DA:38,2
DA:39,1
DA:40,1
DA:42,0
DA:54,1
DA:55,1
DA:57,0
DA:70,2
DA:71,1
DA:72,1
DA:74,0
DA:78,1
LF:18
LH:14
BRDA:38,0,0,1
BRDA:38,0,1,1
BRDA:70,1,0,1
BRDA:70,1,1,1
BRF:4
BRH:4
end_of_record
TN:
SF:services\scooter_service\src\fleet_handler.js
FN:9,(anonymous_0)
FN:21,(anonymous_1)
FN:52,(anonymous_2)
FN:77,(anonymous_3)
FN:108,(anonymous_4)
FN:143,(anonymous_5)
FNF:6
FNH:6
FNDA:8,(anonymous_0)
FNDA:4,(anonymous_1)
FNDA:1,(anonymous_2)
FNDA:1,(anonymous_3)
FNDA:1,(anonymous_4)
FNDA:1,(anonymous_5)
DA:10,8
DA:11,8
DA:22,4
DA:24,4
DA:25,2
DA:27,2
DA:28,2
DA:30,1
DA:33,1
DA:36,2
DA:37,1
DA:40,2
DA:53,1
DA:66,1
DA:68,1
DA:78,1
DA:80,1
DA:81,3
DA:85,3
DA:87,3
DA:89,3
DA:90,3
DA:91,3
DA:95,1
DA:109,1
DA:110,1
DA:112,1
DA:113,1
DA:116,1
DA:117,1
DA:120,1
DA:121,1
DA:124,1
DA:125,1
DA:128,1
DA:129,1
DA:132,1
DA:134,1
DA:144,1
DA:145,1
DA:146,1
DA:152,1
LF:42
LH:42
BRDA:21,0,0,1
BRDA:24,1,0,2
BRDA:24,1,1,2
BRDA:28,2,0,1
BRDA:28,2,1,1
BRDA:36,3,0,1
BRDA:36,3,1,1
BRDA:90,4,0,3
BRDA:90,4,1,0
BRDA:112,5,0,1
BRDA:112,5,1,0
BRDA:116,6,0,1
BRDA:116,6,1,0
BRDA:120,7,0,1
BRDA:120,7,1,0
BRDA:124,8,0,1
BRDA:124,8,1,0
BRDA:128,9,0,1
BRDA:128,9,1,0
BRF:19
BRH:13
end_of_record
TN:
SF:services\scooter_service\src\scooter_handler.js
FN:10,(anonymous_0)
FN:22,(anonymous_1)
FN:30,(anonymous_2)
FN:40,(anonymous_3)
FN:56,(anonymous_4)
FN:74,(anonymous_5)
FN:92,(anonymous_6)
FN:111,(anonymous_7)
FN:129,(anonymous_8)
FN:147,(anonymous_9)
FNF:10
FNH:10
FNDA:18,(anonymous_0)
FNDA:1,(anonymous_1)
FNDA:1,(anonymous_2)
FNDA:2,(anonymous_3)
FNDA:2,(anonymous_4)
FNDA:2,(anonymous_5)
FNDA:2,(anonymous_6)
FNDA:2,(anonymous_7)
FNDA:2,(anonymous_8)
FNDA:2,(anonymous_9)
DA:11,18
DA:12,18
DA:13,54
DA:14,54
DA:23,1
DA:31,1
DA:41,2
DA:42,4
DA:43,1
DA:44,1
DA:48,1
DA:57,2
DA:58,5
DA:59,1
DA:60,1
DA:64,1
DA:75,2
DA:76,4
DA:77,1
DA:78,1
DA:79,1
DA:83,1
DA:93,2
DA:94,4
DA:95,1
DA:96,1
DA:97,1
DA:98,1
DA:102,1
DA:112,2
DA:113,4
DA:114,1
DA:115,1
DA:116,1
DA:120,1
DA:130,2
DA:131,4
DA:132,1
DA:133,1
DA:134,1
DA:135,1
DA:139,1
DA:148,2
DA:149,4
DA:150,1
DA:151,1
DA:152,1
DA:153,1
DA:157,1
DA:162,1
LF:50
LH:50
BRDA:42,0,0,1
BRDA:42,0,1,3
BRDA:58,1,0,1
BRDA:58,1,1,4
BRDA:76,2,0,1
BRDA:76,2,1,3
BRDA:94,3,0,1
BRDA:94,3,1,3
BRDA:113,4,0,1
BRDA:113,4,1,3
BRDA:131,5,0,1
BRDA:131,5,1,3
BRDA:149,6,0,1
BRDA:149,6,1,3
BRF:14
BRH:14
end_of_record
